{"error":"SASL: SCRAM-SERVER-FIRST-MESSAGE: client password must be a string","level":"error","message":"Startup failed","service":"splendor-ai-backend","stack":"Error: SASL: SCRAM-SERVER-FIRST-MESSAGE: client password must be a string\n    at C:\\Users\\USER\\Desktop\\Splendor AI\\Backend\\node_modules\\pg-pool\\index.js:45:11\n    at process.processTicksAndRejections (node:internal/process/task_queues:105:5)\n    at async Object.checkConnection (C:\\Users\\USER\\Desktop\\Splendor AI\\Backend\\src\\config\\db.js:36:18)\n    at async C:\\Users\\USER\\Desktop\\Splendor AI\\Backend\\server.js:102:23","timestamp":"2026-04-03 10:36:51.954 +01:00","version":"1.0.0"}
{"level":"info","message":"Redis connected successfully","service":"splendor-ai-backend","timestamp":"2026-04-03 11:08:39.025 +01:00","version":"1.0.0"}
{"level":"info","message":"Redis ready (authenticated & usable)","service":"splendor-ai-backend","timestamp":"2026-04-03 11:08:39.038 +01:00","version":"1.0.0"}
{"error":"password authentication failed for user \"postgres\"","level":"error","message":"Startup failed","service":"splendor-ai-backend","stack":"error: password authentication failed for user \"postgres\"\n    at C:\\Users\\USER\\Desktop\\Splendor AI\\Backend\\node_modules\\pg-pool\\index.js:45:11\n    at process.processTicksAndRejections (node:internal/process/task_queues:105:5)\n    at async Object.checkConnection (C:\\Users\\USER\\Desktop\\Splendor AI\\Backend\\src\\config\\db.js:43:18)\n    at async C:\\Users\\USER\\Desktop\\Splendor AI\\Backend\\server.js:102:23","timestamp":"2026-04-03 11:08:39.675 +01:00","version":"1.0.0"}
{"level":"info","message":"Redis connected successfully","service":"splendor-ai-backend","timestamp":"2026-04-03 11:10:56.865 +01:00","version":"1.0.0"}
{"level":"info","message":"Redis ready (authenticated & usable)","service":"splendor-ai-backend","timestamp":"2026-04-03 11:10:56.869 +01:00","version":"1.0.0"}
{"level":"info","message":"Redis health check passed (mock mode)","service":"splendor-ai-backend","timestamp":"2026-04-03 11:10:56.889 +01:00","version":"1.0.0"}
{"db":"unavailable","level":"warn","message":"Startup health check has warnings — continuing in dev mode","redis":"healthy","service":"splendor-ai-backend","timestamp":"2026-04-03 11:10:56.893 +01:00","version":"1.0.0"}
{"db":"unavailable","env":"development","level":"info","message":"Splendor AI Backend starting","port":"5000","redis":"healthy","service":"splendor-ai-backend","timestamp":"2026-04-03 11:10:56.895 +01:00","version":"1.0.0"}
{"level":"info","message":"Server running at http://localhost:5000 (env: development)","service":"splendor-ai-backend","timestamp":"2026-04-03 11:10:56.908 +01:00","version":"1.0.0"}
{"level":"info","message":"Building the best cart recovery + product intelligence system ever seen by e-commerce owners","service":"splendor-ai-backend","timestamp":"2026-04-03 11:10:56.909 +01:00","version":"1.0.0"}
{"level":"info","message":"\u001b[0mPOST /api/auth/forgot-password \u001b[33m404\u001b[0m 25.679 ms - 27\u001b[0m","service":"splendor-ai-backend","timestamp":"2026-04-03 11:59:47.618 +01:00","version":"1.0.0"}
{"level":"info","message":"Scheduled ingestion started","service":"splendor-ai-backend","timestamp":"2026-04-03 12:00:00.062 +01:00","version":"1.0.0"}
{"level":"info","message":"Redis connected successfully","service":"splendor-ai-backend","timestamp":"2026-04-03 13:04:55.422 +01:00","version":"1.0.0"}
{"level":"info","message":"Redis ready (authenticated & usable)","service":"splendor-ai-backend","timestamp":"2026-04-03 13:04:55.427 +01:00","version":"1.0.0"}
{"level":"info","message":"Redis health check passed (mock mode)","service":"splendor-ai-backend","timestamp":"2026-04-03 13:04:55.449 +01:00","version":"1.0.0"}
{"db":"unavailable","level":"warn","message":"Startup health check has warnings — continuing in dev mode","redis":"healthy","service":"splendor-ai-backend","timestamp":"2026-04-03 13:04:55.453 +01:00","version":"1.0.0"}
{"db":"unavailable","env":"development","level":"info","message":"Splendor AI Backend starting","port":"5000","redis":"healthy","service":"splendor-ai-backend","timestamp":"2026-04-03 13:04:55.455 +01:00","version":"1.0.0"}
{"level":"info","message":"Server running at http://localhost:5000 (env: development)","service":"splendor-ai-backend","timestamp":"2026-04-03 13:04:55.472 +01:00","version":"1.0.0"}
{"level":"info","message":"Building the best cart recovery + product intelligence system ever seen by e-commerce owners","service":"splendor-ai-backend","timestamp":"2026-04-03 13:04:55.475 +01:00","version":"1.0.0"}
{"level":"info","message":"Redis health check passed (mock mode)","service":"splendor-ai-backend","timestamp":"2026-04-03 13:11:16.669 +01:00","version":"1.0.0"}
{"db":"unavailable","level":"warn","message":"Startup health check has warnings — continuing in dev mode","redis":"healthy","service":"splendor-ai-backend","timestamp":"2026-04-03 13:11:16.681 +01:00","version":"1.0.0"}
{"db":"unavailable","env":"development","level":"info","message":"Splendor AI Backend starting","port":"5000","redis":"healthy","service":"splendor-ai-backend","timestamp":"2026-04-03 13:11:16.682 +01:00","version":"1.0.0"}
{"level":"info","message":"Server running at http://localhost:5000 (env: development)","service":"splendor-ai-backend","timestamp":"2026-04-03 13:11:16.699 +01:00","version":"1.0.0"}
{"level":"info","message":"Building the best cart recovery + product intelligence system ever seen by e-commerce owners","service":"splendor-ai-backend","timestamp":"2026-04-03 13:11:16.701 +01:00","version":"1.0.0"}
{"level":"info","message":"Redis health check passed (mock mode)","service":"splendor-ai-backend","timestamp":"2026-04-03 13:45:53.138 +01:00","version":"1.0.0"}
{"db":"unavailable","level":"warn","message":"Startup health check has warnings — continuing in dev mode","redis":"healthy","service":"splendor-ai-backend","timestamp":"2026-04-03 13:45:53.158 +01:00","version":"1.0.0"}
{"db":"unavailable","env":"development","level":"info","message":"Splendor AI Backend starting","port":"5000","redis":"healthy","service":"splendor-ai-backend","timestamp":"2026-04-03 13:45:53.161 +01:00","version":"1.0.0"}
{"level":"info","message":"Server running at http://localhost:5000 (env: development)","service":"splendor-ai-backend","timestamp":"2026-04-03 13:45:53.179 +01:00","version":"1.0.0"}
{"level":"info","message":"Building the best cart recovery + product intelligence system ever seen by e-commerce owners","service":"splendor-ai-backend","timestamp":"2026-04-03 13:45:53.180 +01:00","version":"1.0.0"}
{"level":"info","message":"Redis client created, waiting for lazy connect...","service":"splendor-ai-backend","timestamp":"2026-04-03 14:04:26.749 +01:00","version":"1.0.0"}
{"level":"info","message":"Redis connected successfully","service":"splendor-ai-backend","timestamp":"2026-04-03 14:04:27.984 +01:00","version":"1.0.0"}
{"level":"info","message":"Redis ready (authenticated & usable)","service":"splendor-ai-backend","timestamp":"2026-04-03 14:04:29.049 +01:00","version":"1.0.0"}
{"level":"info","message":"Redis client created, waiting for lazy connect...","service":"splendor-ai-backend","timestamp":"2026-04-03 14:09:50.705 +01:00","version":"1.0.0"}
{"error":"","level":"error","message":"Redis connection error","service":"splendor-ai-backend","timestamp":"2026-04-03 14:09:52.032 +01:00","version":"1.0.0"}
{"level":"warn","message":"Redis connection closed","service":"splendor-ai-backend","timestamp":"2026-04-03 14:09:52.054 +01:00","version":"1.0.0"}
{"level":"info","message":"Redis reconnecting...","service":"splendor-ai-backend","timestamp":"2026-04-03 14:09:52.055 +01:00","version":"1.0.0"}
{"error":"","level":"error","message":"Redis connection error","service":"splendor-ai-backend","timestamp":"2026-04-03 14:09:52.262 +01:00","version":"1.0.0"}
{"level":"warn","message":"Redis connection closed","service":"splendor-ai-backend","timestamp":"2026-04-03 14:09:52.272 +01:00","version":"1.0.0"}
{"level":"info","message":"Redis reconnecting...","service":"splendor-ai-backend","timestamp":"2026-04-03 14:09:52.273 +01:00","version":"1.0.0"}
{"error":"","level":"error","message":"Redis connection error","service":"splendor-ai-backend","timestamp":"2026-04-03 14:09:52.543 +01:00","version":"1.0.0"}
{"level":"warn","message":"Redis connection closed","service":"splendor-ai-backend","timestamp":"2026-04-03 14:09:52.558 +01:00","version":"1.0.0"}
{"level":"info","message":"Redis reconnecting...","service":"splendor-ai-backend","timestamp":"2026-04-03 14:09:52.559 +01:00","version":"1.0.0"}
{"error":"","level":"error","message":"Redis connection error","service":"splendor-ai-backend","timestamp":"2026-04-03 14:09:52.925 +01:00","version":"1.0.0"}
{"level":"warn","message":"Redis connection closed","service":"splendor-ai-backend","timestamp":"2026-04-03 14:09:52.942 +01:00","version":"1.0.0"}
{"level":"info","message":"Redis reconnecting...","service":"splendor-ai-backend","timestamp":"2026-04-03 14:09:52.943 +01:00","version":"1.0.0"}
{"error":"","level":"error","message":"Redis connection error","service":"splendor-ai-backend","timestamp":"2026-04-03 14:09:53.371 +01:00","version":"1.0.0"}
{"level":"warn","message":"Redis connection closed","service":"splendor-ai-backend","timestamp":"2026-04-03 14:09:53.393 +01:00","version":"1.0.0"}
{"level":"info","message":"Redis reconnecting...","service":"splendor-ai-backend","timestamp":"2026-04-03 14:09:53.397 +01:00","version":"1.0.0"}
{"error":"","level":"error","message":"Redis connection error","service":"splendor-ai-backend","timestamp":"2026-04-03 14:09:53.911 +01:00","version":"1.0.0"}
{"level":"warn","message":"Redis connection closed","service":"splendor-ai-backend","timestamp":"2026-04-03 14:09:53.914 +01:00","version":"1.0.0"}
{"level":"info","message":"Redis reconnecting...","service":"splendor-ai-backend","timestamp":"2026-04-03 14:09:53.915 +01:00","version":"1.0.0"}
{"error":"","level":"error","message":"Redis connection error","service":"splendor-ai-backend","timestamp":"2026-04-03 14:09:54.529 +01:00","version":"1.0.0"}
{"level":"warn","message":"Redis connection closed","service":"splendor-ai-backend","timestamp":"2026-04-03 14:09:54.576 +01:00","version":"1.0.0"}
{"level":"info","message":"Redis reconnecting...","service":"splendor-ai-backend","timestamp":"2026-04-03 14:09:54.586 +01:00","version":"1.0.0"}
{"error":"","level":"error","message":"Redis connection error","service":"splendor-ai-backend","timestamp":"2026-04-03 14:09:55.288 +01:00","version":"1.0.0"}
{"level":"warn","message":"Redis connection closed","service":"splendor-ai-backend","timestamp":"2026-04-03 14:09:55.326 +01:00","version":"1.0.0"}
{"level":"info","message":"Redis reconnecting...","service":"splendor-ai-backend","timestamp":"2026-04-03 14:09:55.327 +01:00","version":"1.0.0"}
{"error":"","level":"error","message":"Redis connection error","service":"splendor-ai-backend","timestamp":"2026-04-03 14:09:56.147 +01:00","version":"1.0.0"}
{"level":"warn","message":"Redis connection closed","service":"splendor-ai-backend","timestamp":"2026-04-03 14:09:56.180 +01:00","version":"1.0.0"}
{"level":"info","message":"Redis reconnecting...","service":"splendor-ai-backend","timestamp":"2026-04-03 14:09:56.181 +01:00","version":"1.0.0"}
{"error":"","level":"error","message":"Redis connection error","service":"splendor-ai-backend","timestamp":"2026-04-03 14:09:57.090 +01:00","version":"1.0.0"}
{"level":"warn","message":"Redis connection closed","service":"splendor-ai-backend","timestamp":"2026-04-03 14:09:57.118 +01:00","version":"1.0.0"}
{"level":"info","message":"Redis reconnecting...","service":"splendor-ai-backend","timestamp":"2026-04-03 14:09:57.119 +01:00","version":"1.0.0"}
{"error":"","level":"error","message":"Redis connection error","service":"splendor-ai-backend","timestamp":"2026-04-03 14:09:58.124 +01:00","version":"1.0.0"}
{"level":"warn","message":"Redis connection closed","service":"splendor-ai-backend","timestamp":"2026-04-03 14:09:58.153 +01:00","version":"1.0.0"}
{"level":"info","message":"Redis reconnecting...","service":"splendor-ai-backend","timestamp":"2026-04-03 14:09:58.159 +01:00","version":"1.0.0"}
{"error":"","level":"error","message":"Redis connection error","service":"splendor-ai-backend","timestamp":"2026-04-03 14:09:59.262 +01:00","version":"1.0.0"}
{"level":"warn","message":"Redis connection closed","service":"splendor-ai-backend","timestamp":"2026-04-03 14:09:59.279 +01:00","version":"1.0.0"}
{"level":"info","message":"Redis reconnecting...","service":"splendor-ai-backend","timestamp":"2026-04-03 14:09:59.279 +01:00","version":"1.0.0"}
{"error":"","level":"error","message":"Redis connection error","service":"splendor-ai-backend","timestamp":"2026-04-03 14:10:00.493 +01:00","version":"1.0.0"}
{"level":"warn","message":"Redis connection closed","service":"splendor-ai-backend","timestamp":"2026-04-03 14:10:00.513 +01:00","version":"1.0.0"}
{"level":"info","message":"Redis reconnecting...","service":"splendor-ai-backend","timestamp":"2026-04-03 14:10:00.518 +01:00","version":"1.0.0"}
{"error":"","level":"error","message":"Redis connection error","service":"splendor-ai-backend","timestamp":"2026-04-03 14:10:01.813 +01:00","version":"1.0.0"}
{"level":"warn","message":"Redis connection closed","service":"splendor-ai-backend","timestamp":"2026-04-03 14:10:01.832 +01:00","version":"1.0.0"}
{"level":"info","message":"Redis reconnecting...","service":"splendor-ai-backend","timestamp":"2026-04-03 14:10:01.835 +01:00","version":"1.0.0"}
{"error":"","level":"error","message":"Redis connection error","service":"splendor-ai-backend","timestamp":"2026-04-03 14:10:03.249 +01:00","version":"1.0.0"}
{"level":"warn","message":"Redis connection closed","service":"splendor-ai-backend","timestamp":"2026-04-03 14:10:03.257 +01:00","version":"1.0.0"}
{"level":"info","message":"Redis reconnecting...","service":"splendor-ai-backend","timestamp":"2026-04-03 14:10:03.257 +01:00","version":"1.0.0"}
{"error":"","level":"error","message":"Redis connection error","service":"splendor-ai-backend","timestamp":"2026-04-03 14:10:04.777 +01:00","version":"1.0.0"}
{"level":"warn","message":"Redis connection closed","service":"splendor-ai-backend","timestamp":"2026-04-03 14:10:04.795 +01:00","version":"1.0.0"}
{"level":"info","message":"Redis reconnecting...","service":"splendor-ai-backend","timestamp":"2026-04-03 14:10:04.795 +01:00","version":"1.0.0"}
{"error":"","level":"error","message":"Redis connection error","service":"splendor-ai-backend","timestamp":"2026-04-03 14:10:06.412 +01:00","version":"1.0.0"}
{"level":"warn","message":"Redis connection closed","service":"splendor-ai-backend","timestamp":"2026-04-03 14:10:06.417 +01:00","version":"1.0.0"}
{"level":"info","message":"Redis reconnecting...","service":"splendor-ai-backend","timestamp":"2026-04-03 14:10:06.417 +01:00","version":"1.0.0"}
{"error":"","level":"error","message":"Redis connection error","service":"splendor-ai-backend","timestamp":"2026-04-03 14:10:08.126 +01:00","version":"1.0.0"}
{"level":"warn","message":"Redis connection closed","service":"splendor-ai-backend","timestamp":"2026-04-03 14:10:08.146 +01:00","version":"1.0.0"}
{"level":"info","message":"Redis reconnecting...","service":"splendor-ai-backend","timestamp":"2026-04-03 14:10:08.147 +01:00","version":"1.0.0"}
{"error":"","level":"error","message":"Redis connection error","service":"splendor-ai-backend","timestamp":"2026-04-03 14:10:09.952 +01:00","version":"1.0.0"}
{"level":"warn","message":"Redis connection closed","service":"splendor-ai-backend","timestamp":"2026-04-03 14:10:09.971 +01:00","version":"1.0.0"}
{"level":"info","message":"Redis reconnecting...","service":"splendor-ai-backend","timestamp":"2026-04-03 14:10:09.976 +01:00","version":"1.0.0"}
{"error":"","level":"error","message":"Redis connection error","service":"splendor-ai-backend","timestamp":"2026-04-03 14:10:11.886 +01:00","version":"1.0.0"}
{"level":"warn","message":"Redis connection closed","service":"splendor-ai-backend","timestamp":"2026-04-03 14:10:11.906 +01:00","version":"1.0.0"}
{"level":"info","message":"Redis reconnecting...","service":"splendor-ai-backend","timestamp":"2026-04-03 14:10:11.912 +01:00","version":"1.0.0"}
{"error":"","level":"error","message":"Redis connection error","service":"splendor-ai-backend","timestamp":"2026-04-03 14:10:13.914 +01:00","version":"1.0.0"}
{"level":"info","message":"Connecting to Redis via REDIS_URL","service":"splendor-ai-backend","timestamp":"2026-04-03 14:12:16.223 +01:00","url":"rediss://default:****@trusted-flamingo-81440.upstash.io:6379","version":"1.0.0"}
{"level":"info","message":"Redis connected successfully","service":"splendor-ai-backend","timestamp":"2026-04-03 14:12:17.561 +01:00","version":"1.0.0"}
{"level":"info","message":"Redis ready (authenticated & usable)","service":"splendor-ai-backend","timestamp":"2026-04-03 14:12:18.697 +01:00","version":"1.0.0"}
{"level":"info","message":"Connecting to Redis via REDIS_URL","service":"splendor-ai-backend","timestamp":"2026-04-03 14:12:43.500 +01:00","url":"rediss://default:****@trusted-flamingo-81440.upstash.io:6379","version":"1.0.0"}
{"error":"Redis is already connecting/connected","level":"error","message":"Redis health check FAILED","service":"splendor-ai-backend","timestamp":"2026-04-03 14:12:45.226 +01:00","version":"1.0.0"}
{"level":"info","message":"Connecting to Redis via REDIS_URL","service":"splendor-ai-backend","timestamp":"2026-04-03 14:13:09.609 +01:00","url":"rediss://default:****@trusted-flamingo-81440.upstash.io:6379","version":"1.0.0"}
{"level":"info","message":"Redis connected successfully","service":"splendor-ai-backend","timestamp":"2026-04-03 14:13:11.617 +01:00","version":"1.0.0"}
{"level":"info","message":"Redis ready (authenticated & usable)","service":"splendor-ai-backend","timestamp":"2026-04-03 14:13:12.657 +01:00","version":"1.0.0"}
{"level":"info","message":"Redis health check passed (PING OK)","service":"splendor-ai-backend","timestamp":"2026-04-03 14:13:13.012 +01:00","version":"1.0.0"}
{"db":"healthy","env":"production","level":"info","message":"Splendor AI Backend starting","port":"5000","redis":"healthy","service":"splendor-ai-backend","timestamp":"2026-04-03 14:13:13.013 +01:00","version":"1.0.0"}
{"level":"info","message":"Server running at http://localhost:5000 (env: production)","service":"splendor-ai-backend","timestamp":"2026-04-03 14:13:13.021 +01:00","version":"1.0.0"}
{"level":"info","message":"Building the best cart recovery + product intelligence system ever seen by e-commerce owners","service":"splendor-ai-backend","timestamp":"2026-04-03 14:13:13.022 +01:00","version":"1.0.0"}
{"level":"info","message":"Connecting to Redis via REDIS_URL","service":"splendor-ai-backend","timestamp":"2026-04-03 14:14:11.128 +01:00","url":"rediss://default:****@trusted-flamingo-81440.upstash.io:6379","version":"1.0.0"}
{"level":"info","message":"Redis connected successfully","service":"splendor-ai-backend","timestamp":"2026-04-03 14:14:12.983 +01:00","version":"1.0.0"}
{"level":"info","message":"Redis ready (authenticated & usable)","service":"splendor-ai-backend","timestamp":"2026-04-03 14:14:14.052 +01:00","version":"1.0.0"}
{"level":"info","message":"Redis health check passed (PING OK)","service":"splendor-ai-backend","timestamp":"2026-04-03 14:14:14.416 +01:00","version":"1.0.0"}
{"db":"healthy","env":"production","level":"info","message":"Splendor AI Backend starting","port":"5000","redis":"healthy","service":"splendor-ai-backend","timestamp":"2026-04-03 14:14:14.436 +01:00","version":"1.0.0"}
{"level":"info","message":"Server running at http://localhost:5000 (env: production)","service":"splendor-ai-backend","timestamp":"2026-04-03 14:14:14.447 +01:00","version":"1.0.0"}
{"level":"info","message":"Building the best cart recovery + product intelligence system ever seen by e-commerce owners","service":"splendor-ai-backend","timestamp":"2026-04-03 14:14:14.452 +01:00","version":"1.0.0"}
{"level":"info","message":"Interrupted – shutting down Redis","service":"splendor-ai-backend","timestamp":"2026-04-03 14:25:53.110 +01:00","version":"1.0.0"}
{"level":"info","message":"Connecting to Redis via REDIS_URL","service":"splendor-ai-backend","timestamp":"2026-04-03 14:26:26.049 +01:00","url":"rediss://default:****@trusted-flamingo-81440.upstash.io:6379","version":"1.0.0"}
{"level":"info","message":"Redis connected successfully","service":"splendor-ai-backend","timestamp":"2026-04-03 14:26:28.188 +01:00","version":"1.0.0"}
{"level":"info","message":"Redis ready (authenticated & usable)","service":"splendor-ai-backend","timestamp":"2026-04-03 14:26:29.291 +01:00","version":"1.0.0"}
{"level":"info","message":"Redis health check passed (PING OK)","service":"splendor-ai-backend","timestamp":"2026-04-03 14:26:29.693 +01:00","version":"1.0.0"}
{"db":"healthy","env":"production","level":"info","message":"Splendor AI Backend starting","port":"5000","redis":"healthy","service":"splendor-ai-backend","timestamp":"2026-04-03 14:26:29.695 +01:00","version":"1.0.0"}
{"level":"info","message":"Server running at http://localhost:5000 (env: production)","service":"splendor-ai-backend","timestamp":"2026-04-03 14:26:29.716 +01:00","version":"1.0.0"}
{"level":"info","message":"Building the best cart recovery + product intelligence system ever seen by e-commerce owners","service":"splendor-ai-backend","timestamp":"2026-04-03 14:26:29.720 +01:00","version":"1.0.0"}
{"level":"info","message":"Interrupted – shutting down Redis","service":"splendor-ai-backend","timestamp":"2026-04-03 14:36:46.719 +01:00","version":"1.0.0"}
{"level":"info","message":"Connecting to Redis via REDIS_URL","service":"splendor-ai-backend","timestamp":"2026-04-03 14:36:56.915 +01:00","url":"rediss://default:****@trusted-flamingo-81440.upstash.io:6379","version":"1.0.0"}
{"level":"info","message":"Redis connected successfully","service":"splendor-ai-backend","timestamp":"2026-04-03 14:36:59.847 +01:00","version":"1.0.0"}
{"level":"info","message":"Redis ready (authenticated & usable)","service":"splendor-ai-backend","timestamp":"2026-04-03 14:37:00.912 +01:00","version":"1.0.0"}
{"level":"info","message":"Redis health check passed (PING OK)","service":"splendor-ai-backend","timestamp":"2026-04-03 14:37:01.301 +01:00","version":"1.0.0"}
{"db":"healthy","env":"production","level":"info","message":"Revluma Backend starting","port":"5000","redis":"healthy","service":"splendor-ai-backend","timestamp":"2026-04-03 14:37:01.306 +01:00","version":"1.0.0"}
{"level":"info","message":"Server running at http://localhost:5000 (env: production)","service":"splendor-ai-backend","timestamp":"2026-04-03 14:37:01.327 +01:00","version":"1.0.0"}
{"level":"info","message":"AI-powered cart recovery and product intelligence built to grow your eCommerce business automatically","service":"splendor-ai-backend","timestamp":"2026-04-03 14:37:01.334 +01:00","version":"1.0.0"}
{"level":"info","message":"Connecting to Redis via REDIS_URL","service":"splendor-ai-backend","timestamp":"2026-04-03 14:39:02.179 +01:00","url":"rediss://default:****@trusted-flamingo-81440.upstash.io:6379","version":"1.0.0"}
{"level":"info","message":"Redis connected successfully","service":"splendor-ai-backend","timestamp":"2026-04-03 14:39:04.501 +01:00","version":"1.0.0"}
{"level":"info","message":"Redis ready (authenticated & usable)","service":"splendor-ai-backend","timestamp":"2026-04-03 14:39:05.599 +01:00","version":"1.0.0"}
{"level":"info","message":"Redis health check passed (PING OK)","service":"splendor-ai-backend","timestamp":"2026-04-03 14:39:05.989 +01:00","version":"1.0.0"}
{"level":"info","message":"Redis health check passed (PING OK)","service":"splendor-ai-backend","timestamp":"2026-04-03 14:39:24.133 +01:00","version":"1.0.0"}
{"level":"info","message":"::1 - - [03/Apr/2026:13:39:24 +0000] \"GET /health HTTP/1.1\" 200 127 \"-\" \"curl/8.18.0\"","service":"splendor-ai-backend","timestamp":"2026-04-03 14:39:24.237 +01:00","version":"1.0.0"}
{"level":"info","message":"::1 - - [03/Apr/2026:13:39:38 +0000] \"POST /api/auth/register HTTP/1.1\" 400 59 \"-\" \"curl/8.18.0\"","service":"splendor-ai-backend","timestamp":"2026-04-03 14:39:38.319 +01:00","version":"1.0.0"}
{"ip":"::1","level":"warn","message":"Missing or invalid Authorization header","service":"splendor-ai-backend","timestamp":"2026-04-03 14:40:25.127 +01:00","version":"1.0.0"}
{"level":"info","message":"::1 - - [03/Apr/2026:13:40:25 +0000] \"GET /api/trending/products HTTP/1.1\" 401 58 \"-\" \"curl/8.18.0\"","service":"splendor-ai-backend","timestamp":"2026-04-03 14:40:25.131 +01:00","version":"1.0.0"}
{"email":"test@example.com","error":"syntax error at or near \"$1\"","level":"error","message":"Subscribe failed","service":"splendor-ai-backend","stack":"error: syntax error at or near \"$1\"\n    at C:\\Users\\USER\\Desktop\\Splendor AI\\Backend\\node_modules\\pg\\lib\\client.js:631:17\n    at process.processTicksAndRejections (node:internal/process/task_queues:105:5)\n    at async withTenantContext (C:\\Users\\USER\\Desktop\\Splendor AI\\Backend\\src\\config\\db.js:63:5)\n    at async Object.subscribe (C:\\Users\\USER\\Desktop\\Splendor AI\\Backend\\src\\services\\newsletterService.js:196:22)\n    at async C:\\Users\\USER\\Desktop\\Splendor AI\\Backend\\src\\routes\\newsletter.js:131:20","timestamp":"2026-04-03 14:40:58.530 +01:00","version":"1.0.0"}
{"level":"info","message":"::1 - - [03/Apr/2026:13:40:58 +0000] \"POST /api/newsletter/subscribe HTTP/1.1\" 500 58 \"-\" \"curl/8.18.0\"","service":"splendor-ai-backend","timestamp":"2026-04-03 14:40:58.535 +01:00","version":"1.0.0"}
{"level":"info","message":"::1 - - [03/Apr/2026:13:41:30 +0000] \"GET /api/newsletter/stats HTTP/1.1\" 401 27 \"-\" \"curl/8.18.0\"","service":"splendor-ai-backend","timestamp":"2026-04-03 14:41:30.012 +01:00","version":"1.0.0"}
{"correlationId":"1050ea94","errorMessage":"ENOENT: no such file or directory, stat 'C:\\Users\\USER\\Desktop\\Splendor AI\\Backend\\public\\index.html'","errorStack":"Error: ENOENT: no such file or directory, stat 'C:\\Users\\USER\\Desktop\\Splendor AI\\Backend\\public\\index.html'","ip":"::1","level":"error","message":"Unhandled error in request","method":"GET","service":"splendor-ai-backend","tenantId":"anonymous","timestamp":"2026-04-03 14:42:05.270 +01:00","url":"/","userId":"anonymous","version":"1.0.0"}
{"level":"info","message":"::1 - - [03/Apr/2026:13:42:05 +0000] \"GET / HTTP/1.1\" 404 147 \"-\" \"curl/8.18.0\"","service":"splendor-ai-backend","timestamp":"2026-04-03 14:42:05.276 +01:00","version":"1.0.0"}
{"correlationId":"dbd8cfbb","errorMessage":"ENOENT: no such file or directory, stat 'C:\\Users\\USER\\Desktop\\Splendor AI\\Backend\\public\\index.html'","errorStack":"Error: ENOENT: no such file or directory, stat 'C:\\Users\\USER\\Desktop\\Splendor AI\\Backend\\public\\index.html'","ip":"::1","level":"error","message":"Unhandled error in request","method":"GET","service":"splendor-ai-backend","tenantId":"anonymous","timestamp":"2026-04-03 14:42:48.568 +01:00","url":"/","userId":"anonymous","version":"1.0.0"}
{"level":"info","message":"::1 - - [03/Apr/2026:13:42:48 +0000] \"GET / HTTP/1.1\" 404 147 \"-\" \"curl/8.18.0\"","service":"splendor-ai-backend","timestamp":"2026-04-03 14:42:48.579 +01:00","version":"1.0.0"}
{"level":"info","message":"Connecting to Redis via REDIS_URL","service":"revluma-backend","timestamp":"2026-04-03 14:43:04.910 +01:00","url":"rediss://default:****@trusted-flamingo-81440.upstash.io:6379","version":"1.0.0"}
{"level":"info","message":"Redis connected successfully","service":"revluma-backend","timestamp":"2026-04-03 14:43:06.994 +01:00","version":"1.0.0"}
{"level":"info","message":"Redis ready (authenticated & usable)","service":"revluma-backend","timestamp":"2026-04-03 14:43:08.092 +01:00","version":"1.0.0"}
{"level":"info","message":"Redis health check passed (PING OK)","service":"revluma-backend","timestamp":"2026-04-03 14:43:08.498 +01:00","version":"1.0.0"}
{"correlationId":"feeaf74c","errorMessage":"ENOENT: no such file or directory, stat 'C:\\Users\\USER\\Desktop\\Splendor AI\\Backend\\public\\index.html'","errorStack":"Error: ENOENT: no such file or directory, stat 'C:\\Users\\USER\\Desktop\\Splendor AI\\Backend\\public\\index.html'","ip":"::1","level":"error","message":"Unhandled error in request","method":"GET","service":"splendor-ai-backend","tenantId":"anonymous","timestamp":"2026-04-03 14:43:08.815 +01:00","url":"/","userId":"anonymous","version":"1.0.0"}
{"level":"info","message":"::1 - - [03/Apr/2026:13:43:08 +0000] \"GET / HTTP/1.1\" 404 147 \"-\" \"curl/8.18.0\"","service":"splendor-ai-backend","timestamp":"2026-04-03 14:43:08.913 +01:00","version":"1.0.0"}
{"level":"info","message":"Redis health check passed (PING OK)","service":"splendor-ai-backend","timestamp":"2026-04-03 14:43:53.266 +01:00","version":"1.0.0"}
{"level":"info","message":"::1 - - [03/Apr/2026:13:43:53 +0000] \"GET /health HTTP/1.1\" 200 127 \"-\" \"curl/8.18.0\"","service":"splendor-ai-backend","timestamp":"2026-04-03 14:43:53.269 +01:00","version":"1.0.0"}
{"correlationId":"4d3a3e37","errorMessage":"ENOENT: no such file or directory, stat 'C:\\Users\\USER\\Desktop\\Splendor AI\\Backend\\public\\index.html'","errorStack":"Error: ENOENT: no such file or directory, stat 'C:\\Users\\USER\\Desktop\\Splendor AI\\Backend\\public\\index.html'","ip":"::1","level":"error","message":"Unhandled error in request","method":"GET","service":"splendor-ai-backend","tenantId":"anonymous","timestamp":"2026-04-03 14:44:01.742 +01:00","url":"/","userId":"anonymous","version":"1.0.0"}
{"level":"info","message":"::1 - - [03/Apr/2026:13:44:01 +0000] \"GET / HTTP/1.1\" 404 147 \"-\" \"curl/8.18.0\"","service":"splendor-ai-backend","timestamp":"2026-04-03 14:44:01.747 +01:00","version":"1.0.0"}
{"level":"info","message":"::1 - - [03/Apr/2026:13:44:10 +0000] \"GET /api/watchlist HTTP/1.1\" 401 27 \"-\" \"curl/8.18.0\"","service":"splendor-ai-backend","timestamp":"2026-04-03 14:44:10.494 +01:00","version":"1.0.0"}
{"level":"info","message":"::1 - - [03/Apr/2026:13:44:20 +0000] \"POST /api/webhook/shopify HTTP/1.1\" 404 27 \"-\" \"curl/8.18.0\"","service":"splendor-ai-backend","timestamp":"2026-04-03 14:44:20.794 +01:00","version":"1.0.0"}
{"level":"info","message":"::1 - - [03/Apr/2026:13:44:56 +0000] \"GET /api/webhook/health HTTP/1.1\" 200 35 \"-\" \"curl/8.18.0\"","service":"splendor-ai-backend","timestamp":"2026-04-03 14:44:56.042 +01:00","version":"1.0.0"}
{"level":"info","message":"Redis health check passed (PING OK)","service":"splendor-ai-backend","timestamp":"2026-04-03 14:45:16.945 +01:00","version":"1.0.0"}
{"level":"info","message":"::1 - - [03/Apr/2026:13:45:16 +0000] \"GET /health HTTP/1.1\" 200 127 \"-\" \"curl/8.18.0\"","service":"splendor-ai-backend","timestamp":"2026-04-03 14:45:16.956 +01:00","version":"1.0.0"}
{"level":"info","message":"::1 - - [03/Apr/2026:13:45:17 +0000] \"GET /api/webhook/health HTTP/1.1\" 200 35 \"-\" \"curl/8.18.0\"","service":"splendor-ai-backend","timestamp":"2026-04-03 14:45:17.722 +01:00","version":"1.0.0"}
{"level":"info","message":"::1 - - [03/Apr/2026:13:45:18 +0000] \"POST /api/auth/register HTTP/1.1\" 400 59 \"-\" \"curl/8.18.0\"","service":"splendor-ai-backend","timestamp":"2026-04-03 14:45:18.218 +01:00","version":"1.0.0"}
{"level":"info","message":"::1 - - [03/Apr/2026:13:45:18 +0000] \"POST /api/auth/login HTTP/1.1\" 400 39 \"-\" \"curl/8.18.0\"","service":"splendor-ai-backend","timestamp":"2026-04-03 14:45:18.696 +01:00","version":"1.0.0"}
{"level":"info","message":"::1 - - [03/Apr/2026:13:45:51 +0000] \"GET /api/shopify/health HTTP/1.1\" 404 27 \"-\" \"curl/8.18.0\"","service":"splendor-ai-backend","timestamp":"2026-04-03 14:45:51.553 +01:00","version":"1.0.0"}
{"ip":"::1","level":"warn","message":"Missing or invalid Authorization header","service":"splendor-ai-backend","timestamp":"2026-04-03 14:45:52.622 +01:00","version":"1.0.0"}
{"level":"info","message":"::1 - - [03/Apr/2026:13:45:52 +0000] \"GET /api/trending/products HTTP/1.1\" 401 58 \"-\" \"curl/8.18.0\"","service":"splendor-ai-backend","timestamp":"2026-04-03 14:45:52.639 +01:00","version":"1.0.0"}
{"email":"test@example.com","error":"syntax error at or near \"$1\"","level":"error","message":"Subscribe failed","service":"splendor-ai-backend","stack":"error: syntax error at or near \"$1\"\n    at C:\\Users\\USER\\Desktop\\Splendor AI\\Backend\\node_modules\\pg\\lib\\client.js:631:17\n    at process.processTicksAndRejections (node:internal/process/task_queues:105:5)\n    at async withTenantContext (C:\\Users\\USER\\Desktop\\Splendor AI\\Backend\\src\\config\\db.js:63:5)\n    at async Object.subscribe (C:\\Users\\USER\\Desktop\\Splendor AI\\Backend\\src\\services\\newsletterService.js:196:22)\n    at async C:\\Users\\USER\\Desktop\\Splendor AI\\Backend\\src\\routes\\newsletter.js:131:20","timestamp":"2026-04-03 14:45:55.753 +01:00","version":"1.0.0"}
{"level":"info","message":"::1 - - [03/Apr/2026:13:45:55 +0000] \"POST /api/newsletter/subscribe HTTP/1.1\" 500 58 \"-\" \"curl/8.18.0\"","service":"splendor-ai-backend","timestamp":"2026-04-03 14:45:55.775 +01:00","version":"1.0.0"}
{"ip":"::1","level":"warn","message":"Missing or invalid Authorization header","service":"splendor-ai-backend","timestamp":"2026-04-03 14:46:41.854 +01:00","version":"1.0.0"}
{"level":"info","message":"::1 - - [03/Apr/2026:13:46:41 +0000] \"GET /api/shopify/auth HTTP/1.1\" 401 58 \"-\" \"curl/8.18.0\"","service":"splendor-ai-backend","timestamp":"2026-04-03 14:46:41.856 +01:00","version":"1.0.0"}
{"level":"info","message":"::1 - - [03/Apr/2026:13:46:44 +0000] \"GET /api/shopify/auth/callback HTTP/1.1\" 400 39 \"-\" \"curl/8.18.0\"","service":"splendor-ai-backend","timestamp":"2026-04-03 14:46:44.705 +01:00","version":"1.0.0"}
{"email":"test@revluma.com","error":"syntax error at or near \"$1\"","level":"error","message":"Registration failed","service":"splendor-ai-backend","timestamp":"2026-04-03 14:46:58.042 +01:00","version":"1.0.0"}
{"level":"info","message":"::1 - - [03/Apr/2026:13:46:58 +0000] \"POST /api/auth/register HTTP/1.1\" 500 31 \"-\" \"curl/8.18.0\"","service":"splendor-ai-backend","timestamp":"2026-04-03 14:46:58.046 +01:00","version":"1.0.0"}
{"email":"test2@revluma.com","error":"syntax error at or near \"$1\"","level":"error","message":"Registration failed","service":"splendor-ai-backend","timestamp":"2026-04-03 14:47:22.270 +01:00","version":"1.0.0"}
{"level":"info","message":"::1 - - [03/Apr/2026:13:47:22 +0000] \"POST /api/auth/register HTTP/1.1\" 500 31 \"-\" \"curl/8.18.0\"","service":"splendor-ai-backend","timestamp":"2026-04-03 14:47:22.272 +01:00","version":"1.0.0"}
{"email":"testuser@revluma.com","error":"syntax error at or near \"$1\"","level":"error","message":"Registration failed","service":"splendor-ai-backend","timestamp":"2026-04-03 14:50:12.887 +01:00","version":"1.0.0"}
{"level":"info","message":"::1 - - [03/Apr/2026:13:50:12 +0000] \"POST /api/auth/register HTTP/1.1\" 500 31 \"-\" \"curl/8.18.0\"","service":"splendor-ai-backend","timestamp":"2026-04-03 14:50:12.895 +01:00","version":"1.0.0"}
{"email":"testuser2@revluma.com","error":"syntax error at or near \"$1\"","level":"error","message":"Registration failed","service":"splendor-ai-backend","timestamp":"2026-04-03 14:52:41.073 +01:00","version":"1.0.0"}
{"level":"info","message":"::1 - - [03/Apr/2026:13:52:41 +0000] \"POST /api/auth/register HTTP/1.1\" 500 31 \"-\" \"curl/8.18.0\"","service":"splendor-ai-backend","timestamp":"2026-04-03 14:52:41.075 +01:00","version":"1.0.0"}
{"email":"testuser3@revluma.com","error":"syntax error at or near \"$1\"","level":"error","message":"Registration failed","service":"splendor-ai-backend","timestamp":"2026-04-03 14:56:49.105 +01:00","version":"1.0.0"}
{"level":"info","message":"::1 - - [03/Apr/2026:13:56:49 +0000] \"POST /api/auth/register HTTP/1.1\" 500 31 \"-\" \"curl/8.18.0\"","service":"splendor-ai-backend","timestamp":"2026-04-03 14:56:49.108 +01:00","version":"1.0.0"}
{"email":"testuser4@revluma.com","error":"syntax error at or near \"$1\"","level":"error","message":"Registration failed","service":"splendor-ai-backend","timestamp":"2026-04-03 14:57:30.954 +01:00","version":"1.0.0"}
{"level":"info","message":"::1 - - [03/Apr/2026:13:57:30 +0000] \"POST /api/auth/register HTTP/1.1\" 500 31 \"-\" \"curl/8.18.0\"","service":"splendor-ai-backend","timestamp":"2026-04-03 14:57:30.956 +01:00","version":"1.0.0"}
{"email":"testuser5@revluma.com","error":"syntax error at or near \"$1\"","level":"error","message":"Registration failed","service":"splendor-ai-backend","timestamp":"2026-04-03 14:57:42.691 +01:00","version":"1.0.0"}
{"level":"info","message":"::1 - - [03/Apr/2026:13:57:42 +0000] \"POST /api/auth/register HTTP/1.1\" 500 31 \"-\" \"curl/8.18.0\"","service":"splendor-ai-backend","timestamp":"2026-04-03 14:57:42.692 +01:00","version":"1.0.0"}
{"email":"testuser6@revluma.com","error":"syntax error at or near \"$1\"","level":"error","message":"Registration failed","service":"splendor-ai-backend","timestamp":"2026-04-03 14:58:07.407 +01:00","version":"1.0.0"}
{"level":"info","message":"::1 - - [03/Apr/2026:13:58:07 +0000] \"POST /api/auth/register HTTP/1.1\" 500 31 \"-\" \"curl/8.18.0\"","service":"splendor-ai-backend","timestamp":"2026-04-03 14:58:07.429 +01:00","version":"1.0.0"}
{"level":"info","message":"Connecting to Redis via REDIS_URL","service":"revluma-backend","timestamp":"2026-04-03 14:59:07.302 +01:00","url":"rediss://default:****@trusted-flamingo-81440.upstash.io:6379","version":"1.0.0"}
{"level":"info","message":"Redis connected successfully","service":"revluma-backend","timestamp":"2026-04-03 14:59:08.911 +01:00","version":"1.0.0"}
{"level":"info","message":"Redis ready (authenticated & usable)","service":"revluma-backend","timestamp":"2026-04-03 14:59:09.975 +01:00","version":"1.0.0"}
{"level":"info","message":"Redis health check passed (PING OK)","service":"revluma-backend","timestamp":"2026-04-03 14:59:10.372 +01:00","version":"1.0.0"}
{"db":"healthy","env":"production","level":"info","message":"Revluma Backend starting","port":"5000","redis":"healthy","service":"revluma-backend","timestamp":"2026-04-03 14:59:10.373 +01:00","version":"1.0.0"}
{"level":"info","message":"Server running at http://localhost:5000 (env: production)","service":"revluma-backend","timestamp":"2026-04-03 14:59:10.381 +01:00","version":"1.0.0"}
{"level":"info","message":"AI-powered cart recovery and product intelligence built to grow your eCommerce business automatically","service":"revluma-backend","timestamp":"2026-04-03 14:59:10.381 +01:00","version":"1.0.0"}
{"email":"newuser@revluma.com","level":"info","message":"New user registered","service":"revluma-backend","tenant_id":"4cfac3de-aef1-4fbd-9741-b2b1719039a0","timestamp":"2026-04-03 14:59:11.053 +01:00","version":"1.0.0"}
{"level":"info","message":"::ffff:127.0.0.1 - - [03/Apr/2026:13:59:11 +0000] \"POST /api/auth/register HTTP/1.1\" 201 525 \"-\" \"curl/8.18.0\"","service":"revluma-backend","timestamp":"2026-04-03 14:59:11.061 +01:00","version":"1.0.0"}
{"error":"read ECONNRESET","level":"error","message":"Redis connection error","service":"revluma-backend","timestamp":"2026-04-03 15:09:01.572 +01:00","version":"1.0.0"}
{"level":"warn","message":"Redis connection closed","service":"revluma-backend","timestamp":"2026-04-03 15:09:01.608 +01:00","version":"1.0.0"}
{"level":"info","message":"Redis reconnecting...","service":"revluma-backend","timestamp":"2026-04-03 15:09:01.609 +01:00","version":"1.0.0"}
{"level":"info","message":"Redis connected successfully","service":"revluma-backend","timestamp":"2026-04-03 15:09:03.543 +01:00","version":"1.0.0"}
{"level":"info","message":"Redis ready (authenticated & usable)","service":"revluma-backend","timestamp":"2026-04-03 15:09:07.242 +01:00","version":"1.0.0"}
{"email":"newuser2@revluma.com","level":"info","message":"New user registered","service":"revluma-backend","tenant_id":"f6f510ec-f7d3-4c8d-aaea-0e974fa5cd38","timestamp":"2026-04-03 15:12:22.614 +01:00","version":"1.0.0"}
{"level":"info","message":"::1 - - [03/Apr/2026:14:12:22 +0000] \"POST /api/auth/register HTTP/1.1\" 201 527 \"-\" \"curl/8.18.0\"","service":"revluma-backend","timestamp":"2026-04-03 15:12:22.617 +01:00","version":"1.0.0"}
{"level":"info","message":"Login successful","service":"revluma-backend","tenant_id":"f6f510ec-f7d3-4c8d-aaea-0e974fa5cd38","timestamp":"2026-04-03 15:14:00.435 +01:00","userId":"dd139269-6861-45b3-9146-dba0d7738497","version":"1.0.0"}
{"level":"info","message":"::1 - - [03/Apr/2026:14:14:00 +0000] \"POST /api/auth/login HTTP/1.1\" 200 525 \"-\" \"curl/8.18.0\"","service":"revluma-backend","timestamp":"2026-04-03 15:14:00.445 +01:00","version":"1.0.0"}
{"ip":"::1","level":"warn","message":"Missing or invalid Authorization header","service":"revluma-backend","timestamp":"2026-04-03 15:14:01.073 +01:00","version":"1.0.0"}
{"level":"info","message":"::1 - - [03/Apr/2026:14:14:01 +0000] \"GET /api/trending/products HTTP/1.1\" 401 58 \"-\" \"curl/8.18.0\"","service":"revluma-backend","timestamp":"2026-04-03 15:14:01.079 +01:00","version":"1.0.0"}
{"level":"info","message":"Scheduled ingestion started","service":"revluma-backend","timestamp":"2026-04-03 16:00:00.237 +01:00","version":"1.0.0"}
{"level":"info","message":"Fetching real data from FastMoss","service":"revluma-backend","timestamp":"2026-04-03 16:00:01.902 +01:00","version":"1.0.0"}
{"error":"FastMoss 404","level":"error","message":"FastMoss fetch failed","service":"revluma-backend","timestamp":"2026-04-03 16:00:03.824 +01:00","version":"1.0.0"}
{"error":"FastMoss 404","jobId":"ingest-fastmoss_tiktok-1775228400255","level":"error","message":"Ingest worker failed","service":"revluma-backend","sourceName":"fastmoss_tiktok","stack":"Error: FastMoss 404\n    at Object.fetch (C:\\Users\\USER\\Desktop\\Splendor AI\\Backend\\src\\pipeline\\ingestionPipeline.js:153:33)\n    at process.processTicksAndRejections (node:internal/process/task_queues:105:5)\n    at async Worker.connection [as processFn] (C:\\Users\\USER\\Desktop\\Splendor AI\\Backend\\src\\pipeline\\ingestionPipeline.js:197:22)\n    at async C:\\Users\\USER\\Desktop\\Splendor AI\\Backend\\node_modules\\bullmq\\dist\\cjs\\classes\\worker.js:569:32","timestamp":"2026-04-03 16:00:03.827 +01:00","version":"1.0.0"}
{"level":"info","message":"Fetching real data from FastMoss","service":"revluma-backend","timestamp":"2026-04-03 16:00:06.616 +01:00","version":"1.0.0"}
{"error":"FastMoss 404","level":"error","message":"FastMoss fetch failed","service":"revluma-backend","timestamp":"2026-04-03 16:00:09.584 +01:00","version":"1.0.0"}
{"error":"FastMoss 404","jobId":"ingest-fastmoss_tiktok-1775228400255","level":"error","message":"Ingest worker failed","service":"revluma-backend","sourceName":"fastmoss_tiktok","stack":"Error: FastMoss 404\n    at Object.fetch (C:\\Users\\USER\\Desktop\\Splendor AI\\Backend\\src\\pipeline\\ingestionPipeline.js:153:33)\n    at process.processTicksAndRejections (node:internal/process/task_queues:105:5)\n    at async Worker.connection [as processFn] (C:\\Users\\USER\\Desktop\\Splendor AI\\Backend\\src\\pipeline\\ingestionPipeline.js:197:22)\n    at async C:\\Users\\USER\\Desktop\\Splendor AI\\Backend\\node_modules\\bullmq\\dist\\cjs\\classes\\worker.js:569:32","timestamp":"2026-04-03 16:00:09.585 +01:00","version":"1.0.0"}
{"level":"info","message":"Fetching real data from FastMoss","service":"revluma-backend","timestamp":"2026-04-03 16:00:14.569 +01:00","version":"1.0.0"}
{"error":"FastMoss 404","level":"error","message":"FastMoss fetch failed","service":"revluma-backend","timestamp":"2026-04-03 16:00:15.962 +01:00","version":"1.0.0"}
{"error":"FastMoss 404","jobId":"ingest-fastmoss_tiktok-1775228400255","level":"error","message":"Ingest worker failed","service":"revluma-backend","sourceName":"fastmoss_tiktok","stack":"Error: FastMoss 404\n    at Object.fetch (C:\\Users\\USER\\Desktop\\Splendor AI\\Backend\\src\\pipeline\\ingestionPipeline.js:153:33)\n    at process.processTicksAndRejections (node:internal/process/task_queues:105:5)\n    at async Worker.connection [as processFn] (C:\\Users\\USER\\Desktop\\Splendor AI\\Backend\\src\\pipeline\\ingestionPipeline.js:197:22)\n    at async C:\\Users\\USER\\Desktop\\Splendor AI\\Backend\\node_modules\\bullmq\\dist\\cjs\\classes\\worker.js:569:32","timestamp":"2026-04-03 16:00:15.963 +01:00","version":"1.0.0"}
{"level":"info","message":"Connecting to Redis via REDIS_URL","service":"revluma-backend","timestamp":"2026-04-03 16:17:41.782 +01:00","url":"rediss://default:****@trusted-flamingo-81440.upstash.io:6379","version":"1.0.0"}
{"level":"info","message":"Redis connected successfully","service":"revluma-backend","timestamp":"2026-04-03 16:17:43.409 +01:00","version":"1.0.0"}
{"level":"info","message":"Redis ready (authenticated & usable)","service":"revluma-backend","timestamp":"2026-04-03 16:17:44.433 +01:00","version":"1.0.0"}
{"level":"info","message":"Redis health check passed (PING OK)","service":"revluma-backend","timestamp":"2026-04-03 16:17:44.846 +01:00","version":"1.0.0"}
{"level":"info","message":"Connecting to Redis via REDIS_URL","service":"revluma-backend","timestamp":"2026-04-03 16:21:02.022 +01:00","url":"rediss://default:****@trusted-flamingo-81440.upstash.io:6379","version":"1.0.0"}
{"level":"info","message":"Redis connected successfully","service":"revluma-backend","timestamp":"2026-04-03 16:21:06.125 +01:00","version":"1.0.0"}
{"level":"info","message":"Redis ready (authenticated & usable)","service":"revluma-backend","timestamp":"2026-04-03 16:21:07.143 +01:00","version":"1.0.0"}
{"level":"info","message":"Redis health check passed (PING OK)","service":"revluma-backend","timestamp":"2026-04-03 16:21:07.510 +01:00","version":"1.0.0"}
{"db":"healthy","env":"production","level":"info","message":"Revluma Backend starting","port":"5000","redis":"healthy","service":"revluma-backend","timestamp":"2026-04-03 16:21:07.515 +01:00","version":"1.0.0"}
{"level":"info","message":"Server running at http://localhost:5000 (env: production)","service":"revluma-backend","timestamp":"2026-04-03 16:21:07.530 +01:00","version":"1.0.0"}
{"level":"info","message":"AI-powered cart recovery and product intelligence built to grow your eCommerce business automatically","service":"revluma-backend","timestamp":"2026-04-03 16:21:07.533 +01:00","version":"1.0.0"}
{"level":"info","message":"Interrupted – shutting down Redis","service":"revluma-backend","timestamp":"2026-04-03 16:26:57.515 +01:00","version":"1.0.0"}
{"level":"info","message":"Connecting to Redis via REDIS_URL","service":"revluma-backend","timestamp":"2026-04-03 16:27:06.530 +01:00","url":"rediss://default:****@trusted-flamingo-81440.upstash.io:6379","version":"1.0.0"}
{"level":"info","message":"Redis connected successfully","service":"revluma-backend","timestamp":"2026-04-03 16:27:08.578 +01:00","version":"1.0.0"}
{"level":"info","message":"Redis ready (authenticated & usable)","service":"revluma-backend","timestamp":"2026-04-03 16:27:09.705 +01:00","version":"1.0.0"}
{"level":"info","message":"Redis health check passed (PING OK)","service":"revluma-backend","timestamp":"2026-04-03 16:27:10.119 +01:00","version":"1.0.0"}
{"db":"healthy","env":"production","level":"info","message":"Revluma Backend starting","port":"5000","redis":"healthy","service":"revluma-backend","timestamp":"2026-04-03 16:27:10.222 +01:00","version":"1.0.0"}
{"level":"info","message":"Server running at http://localhost:5000 (env: production)","service":"revluma-backend","timestamp":"2026-04-03 16:27:10.288 +01:00","version":"1.0.0"}
{"level":"info","message":"AI-powered cart recovery and product intelligence built to grow your eCommerce business automatically","service":"revluma-backend","timestamp":"2026-04-03 16:27:10.371 +01:00","version":"1.0.0"}
{"level":"info","message":"::1 - - [03/Apr/2026:15:34:57 +0000] \"GET / HTTP/1.1\" 200 91452 \"-\" \"Mozilla/5.0 (Windows NT 10.0; Win64; x64) AppleWebKit/537.36 (KHTML, like Gecko) Chrome/146.0.0.0 Safari/537.36\"","service":"revluma-backend","timestamp":"2026-04-03 16:34:57.669 +01:00","version":"1.0.0"}
{"level":"info","message":"::1 - - [03/Apr/2026:15:34:58 +0000] \"GET /assets/images/feature-cart.jpg HTTP/1.1\" 404 27 \"-\" \"Mozilla/5.0 (Windows NT 10.0; Win64; x64) AppleWebKit/537.36 (KHTML, like Gecko) Chrome/146.0.0.0 Safari/537.36\"","service":"revluma-backend","timestamp":"2026-04-03 16:34:58.103 +01:00","version":"1.0.0"}
{"level":"info","message":"::1 - - [03/Apr/2026:15:34:58 +0000] \"GET /assets/images/feature-roas.jpg HTTP/1.1\" 404 27 \"-\" \"Mozilla/5.0 (Windows NT 10.0; Win64; x64) AppleWebKit/537.36 (KHTML, like Gecko) Chrome/146.0.0.0 Safari/537.36\"","service":"revluma-backend","timestamp":"2026-04-03 16:34:58.123 +01:00","version":"1.0.0"}
{"level":"info","message":"::1 - - [03/Apr/2026:15:34:58 +0000] \"GET /assets/images/feature-product.jpg HTTP/1.1\" 404 27 \"-\" \"Mozilla/5.0 (Windows NT 10.0; Win64; x64) AppleWebKit/537.36 (KHTML, like Gecko) Chrome/146.0.0.0 Safari/537.36\"","service":"revluma-backend","timestamp":"2026-04-03 16:34:58.234 +01:00","version":"1.0.0"}
{"level":"info","message":"::1 - - [03/Apr/2026:15:34:58 +0000] \"GET /assets/images/Revluma-logo.png HTTP/1.1\" 200 9576 \"-\" \"Mozilla/5.0 (Windows NT 10.0; Win64; x64) AppleWebKit/537.36 (KHTML, like Gecko) Chrome/146.0.0.0 Safari/537.36\"","service":"revluma-backend","timestamp":"2026-04-03 16:34:58.266 +01:00","version":"1.0.0"}
{"level":"info","message":"::1 - - [03/Apr/2026:15:34:58 +0000] \"GET /assets/images/shopifyLoog.png HTTP/1.1\" 200 10992 \"-\" \"Mozilla/5.0 (Windows NT 10.0; Win64; x64) AppleWebKit/537.36 (KHTML, like Gecko) Chrome/146.0.0.0 Safari/537.36\"","service":"revluma-backend","timestamp":"2026-04-03 16:34:58.303 +01:00","version":"1.0.0"}
{"level":"info","message":"::1 - - [03/Apr/2026:15:34:58 +0000] \"GET /assets/videos/growth-video.mp4 HTTP/1.1\" 206 41098 \"-\" \"Mozilla/5.0 (Windows NT 10.0; Win64; x64) AppleWebKit/537.36 (KHTML, like Gecko) Chrome/146.0.0.0 Safari/537.36\"","service":"revluma-backend","timestamp":"2026-04-03 16:34:58.326 +01:00","version":"1.0.0"}
{"level":"info","message":"::1 - - [03/Apr/2026:15:34:58 +0000] \"GET /assets/videos/dashboard_video.mp4 HTTP/1.1\" 206 1838611 \"-\" \"Mozilla/5.0 (Windows NT 10.0; Win64; x64) AppleWebKit/537.36 (KHTML, like Gecko) Chrome/146.0.0.0 Safari/537.36\"","service":"revluma-backend","timestamp":"2026-04-03 16:34:58.425 +01:00","version":"1.0.0"}
{"level":"info","message":"::1 - - [03/Apr/2026:15:34:59 +0000] \"GET /assets/images/Revluma-icon.png HTTP/1.1\" 200 3608 \"-\" \"Mozilla/5.0 (Windows NT 10.0; Win64; x64) AppleWebKit/537.36 (KHTML, like Gecko) Chrome/146.0.0.0 Safari/537.36\"","service":"revluma-backend","timestamp":"2026-04-03 16:34:59.727 +01:00","version":"1.0.0"}
{"level":"info","message":"::1 - - [03/Apr/2026:15:35:03 +0000] \"GET / HTTP/1.1\" 304 - \"-\" \"Mozilla/5.0 (Windows NT 10.0; Win64; x64) AppleWebKit/537.36 (KHTML, like Gecko) Chrome/146.0.0.0 Safari/537.36\"","service":"revluma-backend","timestamp":"2026-04-03 16:35:03.426 +01:00","version":"1.0.0"}
{"level":"info","message":"::1 - - [03/Apr/2026:15:35:03 +0000] \"GET /assets/images/Revluma-logo.png HTTP/1.1\" 304 - \"-\" \"Mozilla/5.0 (Windows NT 10.0; Win64; x64) AppleWebKit/537.36 (KHTML, like Gecko) Chrome/146.0.0.0 Safari/537.36\"","service":"revluma-backend","timestamp":"2026-04-03 16:35:03.534 +01:00","version":"1.0.0"}
{"level":"info","message":"::1 - - [03/Apr/2026:15:35:03 +0000] \"GET /assets/images/shopifyLoog.png HTTP/1.1\" 304 - \"-\" \"Mozilla/5.0 (Windows NT 10.0; Win64; x64) AppleWebKit/537.36 (KHTML, like Gecko) Chrome/146.0.0.0 Safari/537.36\"","service":"revluma-backend","timestamp":"2026-04-03 16:35:03.546 +01:00","version":"1.0.0"}
{"level":"info","message":"::1 - - [03/Apr/2026:15:35:03 +0000] \"GET /assets/images/feature-cart.jpg HTTP/1.1\" 404 27 \"-\" \"Mozilla/5.0 (Windows NT 10.0; Win64; x64) AppleWebKit/537.36 (KHTML, like Gecko) Chrome/146.0.0.0 Safari/537.36\"","service":"revluma-backend","timestamp":"2026-04-03 16:35:03.553 +01:00","version":"1.0.0"}
{"level":"info","message":"::1 - - [03/Apr/2026:15:35:03 +0000] \"GET /assets/images/feature-product.jpg HTTP/1.1\" 404 27 \"-\" \"Mozilla/5.0 (Windows NT 10.0; Win64; x64) AppleWebKit/537.36 (KHTML, like Gecko) Chrome/146.0.0.0 Safari/537.36\"","service":"revluma-backend","timestamp":"2026-04-03 16:35:03.650 +01:00","version":"1.0.0"}
{"level":"info","message":"::1 - - [03/Apr/2026:15:35:03 +0000] \"GET /assets/images/feature-roas.jpg HTTP/1.1\" 404 27 \"-\" \"Mozilla/5.0 (Windows NT 10.0; Win64; x64) AppleWebKit/537.36 (KHTML, like Gecko) Chrome/146.0.0.0 Safari/537.36\"","service":"revluma-backend","timestamp":"2026-04-03 16:35:03.703 +01:00","version":"1.0.0"}
{"level":"info","message":"::1 - - [03/Apr/2026:15:35:03 +0000] \"GET /assets/videos/growth-video.mp4 HTTP/1.1\" 304 - \"-\" \"Mozilla/5.0 (Windows NT 10.0; Win64; x64) AppleWebKit/537.36 (KHTML, like Gecko) Chrome/146.0.0.0 Safari/537.36\"","service":"revluma-backend","timestamp":"2026-04-03 16:35:03.731 +01:00","version":"1.0.0"}
{"level":"info","message":"::1 - - [03/Apr/2026:15:35:03 +0000] \"GET /assets/videos/dashboard_video.mp4 HTTP/1.1\" 304 - \"-\" \"Mozilla/5.0 (Windows NT 10.0; Win64; x64) AppleWebKit/537.36 (KHTML, like Gecko) Chrome/146.0.0.0 Safari/537.36\"","service":"revluma-backend","timestamp":"2026-04-03 16:35:03.734 +01:00","version":"1.0.0"}
{"level":"info","message":"::1 - - [03/Apr/2026:15:35:04 +0000] \"GET /assets/images/Revluma-icon.png HTTP/1.1\" 304 - \"-\" \"Mozilla/5.0 (Windows NT 10.0; Win64; x64) AppleWebKit/537.36 (KHTML, like Gecko) Chrome/146.0.0.0 Safari/537.36\"","service":"revluma-backend","timestamp":"2026-04-03 16:35:04.155 +01:00","version":"1.0.0"}
{"level":"info","message":"::1 - - [03/Apr/2026:15:35:06 +0000] \"GET / HTTP/1.1\" 304 - \"-\" \"Mozilla/5.0 (Windows NT 10.0; Win64; x64) AppleWebKit/537.36 (KHTML, like Gecko) Chrome/146.0.0.0 Safari/537.36\"","service":"revluma-backend","timestamp":"2026-04-03 16:35:06.731 +01:00","version":"1.0.0"}
{"level":"info","message":"::1 - - [03/Apr/2026:15:35:06 +0000] \"GET /assets/images/Revluma-logo.png HTTP/1.1\" 304 - \"-\" \"Mozilla/5.0 (Windows NT 10.0; Win64; x64) AppleWebKit/537.36 (KHTML, like Gecko) Chrome/146.0.0.0 Safari/537.36\"","service":"revluma-backend","timestamp":"2026-04-03 16:35:06.875 +01:00","version":"1.0.0"}
{"level":"info","message":"::1 - - [03/Apr/2026:15:35:06 +0000] \"GET /assets/images/shopifyLoog.png HTTP/1.1\" 304 - \"-\" \"Mozilla/5.0 (Windows NT 10.0; Win64; x64) AppleWebKit/537.36 (KHTML, like Gecko) Chrome/146.0.0.0 Safari/537.36\"","service":"revluma-backend","timestamp":"2026-04-03 16:35:06.979 +01:00","version":"1.0.0"}
{"level":"info","message":"::1 - - [03/Apr/2026:15:35:06 +0000] \"GET /assets/images/feature-cart.jpg HTTP/1.1\" 404 27 \"-\" \"Mozilla/5.0 (Windows NT 10.0; Win64; x64) AppleWebKit/537.36 (KHTML, like Gecko) Chrome/146.0.0.0 Safari/537.36\"","service":"revluma-backend","timestamp":"2026-04-03 16:35:06.981 +01:00","version":"1.0.0"}
{"level":"info","message":"::1 - - [03/Apr/2026:15:35:06 +0000] \"GET /assets/images/feature-product.jpg HTTP/1.1\" 404 27 \"-\" \"Mozilla/5.0 (Windows NT 10.0; Win64; x64) AppleWebKit/537.36 (KHTML, like Gecko) Chrome/146.0.0.0 Safari/537.36\"","service":"revluma-backend","timestamp":"2026-04-03 16:35:06.983 +01:00","version":"1.0.0"}
{"level":"info","message":"::1 - - [03/Apr/2026:15:35:06 +0000] \"GET /assets/images/feature-roas.jpg HTTP/1.1\" 404 27 \"-\" \"Mozilla/5.0 (Windows NT 10.0; Win64; x64) AppleWebKit/537.36 (KHTML, like Gecko) Chrome/146.0.0.0 Safari/537.36\"","service":"revluma-backend","timestamp":"2026-04-03 16:35:06.984 +01:00","version":"1.0.0"}
{"level":"info","message":"::1 - - [03/Apr/2026:15:35:06 +0000] \"GET /assets/videos/growth-video.mp4 HTTP/1.1\" 304 - \"-\" \"Mozilla/5.0 (Windows NT 10.0; Win64; x64) AppleWebKit/537.36 (KHTML, like Gecko) Chrome/146.0.0.0 Safari/537.36\"","service":"revluma-backend","timestamp":"2026-04-03 16:35:06.996 +01:00","version":"1.0.0"}
{"level":"info","message":"::1 - - [03/Apr/2026:15:35:07 +0000] \"GET /assets/videos/dashboard_video.mp4 HTTP/1.1\" 304 - \"-\" \"Mozilla/5.0 (Windows NT 10.0; Win64; x64) AppleWebKit/537.36 (KHTML, like Gecko) Chrome/146.0.0.0 Safari/537.36\"","service":"revluma-backend","timestamp":"2026-04-03 16:35:07.039 +01:00","version":"1.0.0"}
{"level":"info","message":"::1 - - [03/Apr/2026:15:35:07 +0000] \"GET /assets/images/Revluma-icon.png HTTP/1.1\" 304 - \"-\" \"Mozilla/5.0 (Windows NT 10.0; Win64; x64) AppleWebKit/537.36 (KHTML, like Gecko) Chrome/146.0.0.0 Safari/537.36\"","service":"revluma-backend","timestamp":"2026-04-03 16:35:07.217 +01:00","version":"1.0.0"}
{"level":"info","message":"::1 - - [03/Apr/2026:15:35:08 +0000] \"GET / HTTP/1.1\" 304 - \"-\" \"Mozilla/5.0 (Windows NT 10.0; Win64; x64) AppleWebKit/537.36 (KHTML, like Gecko) Chrome/146.0.0.0 Safari/537.36\"","service":"revluma-backend","timestamp":"2026-04-03 16:35:08.422 +01:00","version":"1.0.0"}
{"level":"info","message":"::1 - - [03/Apr/2026:15:35:08 +0000] \"GET /assets/images/Revluma-logo.png HTTP/1.1\" 304 - \"-\" \"Mozilla/5.0 (Windows NT 10.0; Win64; x64) AppleWebKit/537.36 (KHTML, like Gecko) Chrome/146.0.0.0 Safari/537.36\"","service":"revluma-backend","timestamp":"2026-04-03 16:35:08.756 +01:00","version":"1.0.0"}
{"level":"info","message":"::1 - - [03/Apr/2026:15:35:08 +0000] \"GET /assets/images/shopifyLoog.png HTTP/1.1\" 304 - \"-\" \"Mozilla/5.0 (Windows NT 10.0; Win64; x64) AppleWebKit/537.36 (KHTML, like Gecko) Chrome/146.0.0.0 Safari/537.36\"","service":"revluma-backend","timestamp":"2026-04-03 16:35:08.758 +01:00","version":"1.0.0"}
{"level":"info","message":"::1 - - [03/Apr/2026:15:35:08 +0000] \"GET /assets/images/feature-cart.jpg HTTP/1.1\" 404 27 \"-\" \"Mozilla/5.0 (Windows NT 10.0; Win64; x64) AppleWebKit/537.36 (KHTML, like Gecko) Chrome/146.0.0.0 Safari/537.36\"","service":"revluma-backend","timestamp":"2026-04-03 16:35:08.760 +01:00","version":"1.0.0"}
{"level":"info","message":"::1 - - [03/Apr/2026:15:35:08 +0000] \"GET /assets/images/feature-product.jpg HTTP/1.1\" 404 27 \"-\" \"Mozilla/5.0 (Windows NT 10.0; Win64; x64) AppleWebKit/537.36 (KHTML, like Gecko) Chrome/146.0.0.0 Safari/537.36\"","service":"revluma-backend","timestamp":"2026-04-03 16:35:08.761 +01:00","version":"1.0.0"}
{"level":"info","message":"::1 - - [03/Apr/2026:15:35:08 +0000] \"GET /assets/images/feature-roas.jpg HTTP/1.1\" 404 27 \"-\" \"Mozilla/5.0 (Windows NT 10.0; Win64; x64) AppleWebKit/537.36 (KHTML, like Gecko) Chrome/146.0.0.0 Safari/537.36\"","service":"revluma-backend","timestamp":"2026-04-03 16:35:08.763 +01:00","version":"1.0.0"}
{"level":"info","message":"::1 - - [03/Apr/2026:15:35:08 +0000] \"GET /assets/videos/growth-video.mp4 HTTP/1.1\" 304 - \"-\" \"Mozilla/5.0 (Windows NT 10.0; Win64; x64) AppleWebKit/537.36 (KHTML, like Gecko) Chrome/146.0.0.0 Safari/537.36\"","service":"revluma-backend","timestamp":"2026-04-03 16:35:08.866 +01:00","version":"1.0.0"}
{"level":"info","message":"::1 - - [03/Apr/2026:15:35:08 +0000] \"GET /assets/videos/dashboard_video.mp4 HTTP/1.1\" 304 - \"-\" \"Mozilla/5.0 (Windows NT 10.0; Win64; x64) AppleWebKit/537.36 (KHTML, like Gecko) Chrome/146.0.0.0 Safari/537.36\"","service":"revluma-backend","timestamp":"2026-04-03 16:35:08.871 +01:00","version":"1.0.0"}
{"level":"info","message":"::1 - - [03/Apr/2026:15:35:08 +0000] \"GET /assets/images/Revluma-icon.png HTTP/1.1\" 304 - \"-\" \"Mozilla/5.0 (Windows NT 10.0; Win64; x64) AppleWebKit/537.36 (KHTML, like Gecko) Chrome/146.0.0.0 Safari/537.36\"","service":"revluma-backend","timestamp":"2026-04-03 16:35:08.973 +01:00","version":"1.0.0"}
{"level":"info","message":"::1 - - [03/Apr/2026:15:35:17 +0000] \"GET / HTTP/1.1\" 304 - \"-\" \"Mozilla/5.0 (Windows NT 10.0; Win64; x64) AppleWebKit/537.36 (KHTML, like Gecko) Chrome/146.0.0.0 Safari/537.36\"","service":"revluma-backend","timestamp":"2026-04-03 16:35:17.388 +01:00","version":"1.0.0"}
{"level":"info","message":"::1 - - [03/Apr/2026:15:35:17 +0000] \"GET /assets/images/Revluma-logo.png HTTP/1.1\" 304 - \"-\" \"Mozilla/5.0 (Windows NT 10.0; Win64; x64) AppleWebKit/537.36 (KHTML, like Gecko) Chrome/146.0.0.0 Safari/537.36\"","service":"revluma-backend","timestamp":"2026-04-03 16:35:17.829 +01:00","version":"1.0.0"}
{"level":"info","message":"::1 - - [03/Apr/2026:15:35:17 +0000] \"GET /assets/images/shopifyLoog.png HTTP/1.1\" 304 - \"-\" \"Mozilla/5.0 (Windows NT 10.0; Win64; x64) AppleWebKit/537.36 (KHTML, like Gecko) Chrome/146.0.0.0 Safari/537.36\"","service":"revluma-backend","timestamp":"2026-04-03 16:35:17.832 +01:00","version":"1.0.0"}
{"level":"info","message":"::1 - - [03/Apr/2026:15:35:17 +0000] \"GET /assets/images/feature-cart.jpg HTTP/1.1\" 404 27 \"-\" \"Mozilla/5.0 (Windows NT 10.0; Win64; x64) AppleWebKit/537.36 (KHTML, like Gecko) Chrome/146.0.0.0 Safari/537.36\"","service":"revluma-backend","timestamp":"2026-04-03 16:35:17.838 +01:00","version":"1.0.0"}
{"level":"info","message":"::1 - - [03/Apr/2026:15:35:17 +0000] \"GET /assets/images/feature-product.jpg HTTP/1.1\" 404 27 \"-\" \"Mozilla/5.0 (Windows NT 10.0; Win64; x64) AppleWebKit/537.36 (KHTML, like Gecko) Chrome/146.0.0.0 Safari/537.36\"","service":"revluma-backend","timestamp":"2026-04-03 16:35:17.850 +01:00","version":"1.0.0"}
{"level":"info","message":"::1 - - [03/Apr/2026:15:35:17 +0000] \"GET /assets/images/feature-roas.jpg HTTP/1.1\" 404 27 \"-\" \"Mozilla/5.0 (Windows NT 10.0; Win64; x64) AppleWebKit/537.36 (KHTML, like Gecko) Chrome/146.0.0.0 Safari/537.36\"","service":"revluma-backend","timestamp":"2026-04-03 16:35:17.855 +01:00","version":"1.0.0"}
{"level":"info","message":"::1 - - [03/Apr/2026:15:35:17 +0000] \"GET /assets/videos/growth-video.mp4 HTTP/1.1\" 304 - \"-\" \"Mozilla/5.0 (Windows NT 10.0; Win64; x64) AppleWebKit/537.36 (KHTML, like Gecko) Chrome/146.0.0.0 Safari/537.36\"","service":"revluma-backend","timestamp":"2026-04-03 16:35:17.987 +01:00","version":"1.0.0"}
{"level":"info","message":"::1 - - [03/Apr/2026:15:35:18 +0000] \"GET /assets/videos/dashboard_video.mp4 HTTP/1.1\" 304 - \"-\" \"Mozilla/5.0 (Windows NT 10.0; Win64; x64) AppleWebKit/537.36 (KHTML, like Gecko) Chrome/146.0.0.0 Safari/537.36\"","service":"revluma-backend","timestamp":"2026-04-03 16:35:18.047 +01:00","version":"1.0.0"}
{"level":"info","message":"::1 - - [03/Apr/2026:15:35:18 +0000] \"GET /assets/images/Revluma-icon.png HTTP/1.1\" 304 - \"-\" \"Mozilla/5.0 (Windows NT 10.0; Win64; x64) AppleWebKit/537.36 (KHTML, like Gecko) Chrome/146.0.0.0 Safari/537.36\"","service":"revluma-backend","timestamp":"2026-04-03 16:35:18.495 +01:00","version":"1.0.0"}
{"level":"info","message":"::1 - - [03/Apr/2026:15:35:19 +0000] \"GET /auth/signUp.html HTTP/1.1\" 200 426 \"-\" \"Mozilla/5.0 (Windows NT 10.0; Win64; x64) AppleWebKit/537.36 (KHTML, like Gecko) Chrome/146.0.0.0 Safari/537.36\"","service":"revluma-backend","timestamp":"2026-04-03 16:35:19.984 +01:00","version":"1.0.0"}
{"level":"info","message":"Interrupted – shutting down Redis","service":"revluma-backend","timestamp":"2026-04-03 16:41:21.084 +01:00","version":"1.0.0"}
{"level":"info","message":"Connecting to Redis via REDIS_URL","service":"revluma-backend","timestamp":"2026-04-03 16:41:32.672 +01:00","url":"rediss://default:****@trusted-flamingo-81440.upstash.io:6379","version":"1.0.0"}
{"level":"info","message":"Redis connected successfully","service":"revluma-backend","timestamp":"2026-04-03 16:41:34.433 +01:00","version":"1.0.0"}
{"level":"info","message":"Redis ready (authenticated & usable)","service":"revluma-backend","timestamp":"2026-04-03 16:41:35.521 +01:00","version":"1.0.0"}
{"level":"info","message":"Redis health check passed (PING OK)","service":"revluma-backend","timestamp":"2026-04-03 16:41:35.899 +01:00","version":"1.0.0"}
{"db":"healthy","env":"production","level":"info","message":"Revluma Backend starting","port":"5000","redis":"healthy","service":"revluma-backend","timestamp":"2026-04-03 16:41:35.900 +01:00","version":"1.0.0"}
{"level":"info","message":"Server running at http://localhost:5000 (env: production)","service":"revluma-backend","timestamp":"2026-04-03 16:41:35.910 +01:00","version":"1.0.0"}
{"level":"info","message":"AI-powered cart recovery and product intelligence built to grow your eCommerce business automatically","service":"revluma-backend","timestamp":"2026-04-03 16:41:35.916 +01:00","version":"1.0.0"}
{"error":"read ECONNRESET","level":"error","message":"Redis connection error","service":"revluma-backend","timestamp":"2026-04-03 16:42:30.808 +01:00","version":"1.0.0"}
{"level":"warn","message":"Redis connection closed","service":"revluma-backend","timestamp":"2026-04-03 16:42:30.828 +01:00","version":"1.0.0"}
{"level":"info","message":"Redis reconnecting...","service":"revluma-backend","timestamp":"2026-04-03 16:42:30.830 +01:00","version":"1.0.0"}
{"error":"getaddrinfo ENOTFOUND trusted-flamingo-81440.upstash.io","level":"error","message":"Redis connection error","service":"revluma-backend","timestamp":"2026-04-03 16:42:33.027 +01:00","version":"1.0.0"}
{"level":"warn","message":"Redis connection closed","service":"revluma-backend","timestamp":"2026-04-03 16:42:35.750 +01:00","version":"1.0.0"}
{"level":"info","message":"Redis reconnecting...","service":"revluma-backend","timestamp":"2026-04-03 16:42:35.981 +01:00","version":"1.0.0"}
{"error":"getaddrinfo ENOTFOUND trusted-flamingo-81440.upstash.io","level":"error","message":"Redis connection error","service":"revluma-backend","timestamp":"2026-04-03 16:42:36.934 +01:00","version":"1.0.0"}
{"level":"warn","message":"Redis connection closed","service":"revluma-backend","timestamp":"2026-04-03 16:42:37.224 +01:00","version":"1.0.0"}
{"level":"info","message":"Redis reconnecting...","service":"revluma-backend","timestamp":"2026-04-03 16:42:37.226 +01:00","version":"1.0.0"}
{"error":"getaddrinfo ENOTFOUND trusted-flamingo-81440.upstash.io","level":"error","message":"Redis connection error","service":"revluma-backend","timestamp":"2026-04-03 16:42:37.570 +01:00","version":"1.0.0"}
{"level":"warn","message":"Redis connection closed","service":"revluma-backend","timestamp":"2026-04-03 16:42:37.582 +01:00","version":"1.0.0"}
{"level":"info","message":"Redis reconnecting...","service":"revluma-backend","timestamp":"2026-04-03 16:42:37.583 +01:00","version":"1.0.0"}
{"error":"getaddrinfo ENOTFOUND trusted-flamingo-81440.upstash.io","level":"error","message":"Redis connection error","service":"revluma-backend","timestamp":"2026-04-03 16:42:38.023 +01:00","version":"1.0.0"}
{"level":"warn","message":"Redis connection closed","service":"revluma-backend","timestamp":"2026-04-03 16:42:38.413 +01:00","version":"1.0.0"}
{"level":"info","message":"Redis reconnecting...","service":"revluma-backend","timestamp":"2026-04-03 16:42:38.431 +01:00","version":"1.0.0"}
{"error":"getaddrinfo ENOTFOUND trusted-flamingo-81440.upstash.io","level":"error","message":"Redis connection error","service":"revluma-backend","timestamp":"2026-04-03 16:42:39.005 +01:00","version":"1.0.0"}
{"level":"warn","message":"Redis connection closed","service":"revluma-backend","timestamp":"2026-04-03 16:42:39.918 +01:00","version":"1.0.0"}
{"level":"info","message":"Redis reconnecting...","service":"revluma-backend","timestamp":"2026-04-03 16:42:39.983 +01:00","version":"1.0.0"}
{"error":"getaddrinfo ENOTFOUND trusted-flamingo-81440.upstash.io","level":"error","message":"Redis connection error","service":"revluma-backend","timestamp":"2026-04-03 16:42:40.530 +01:00","version":"1.0.0"}
{"level":"warn","message":"Redis connection closed","service":"revluma-backend","timestamp":"2026-04-03 16:42:40.605 +01:00","version":"1.0.0"}
{"level":"info","message":"Redis reconnecting...","service":"revluma-backend","timestamp":"2026-04-03 16:42:40.609 +01:00","version":"1.0.0"}
{"error":"getaddrinfo ENOTFOUND trusted-flamingo-81440.upstash.io","level":"error","message":"Redis connection error","service":"revluma-backend","timestamp":"2026-04-03 16:42:41.327 +01:00","version":"1.0.0"}
{"level":"warn","message":"Redis connection closed","service":"revluma-backend","timestamp":"2026-04-03 16:42:41.651 +01:00","version":"1.0.0"}
{"level":"info","message":"Redis reconnecting...","service":"revluma-backend","timestamp":"2026-04-03 16:42:41.656 +01:00","version":"1.0.0"}
{"error":"getaddrinfo ENOTFOUND trusted-flamingo-81440.upstash.io","level":"error","message":"Redis connection error","service":"revluma-backend","timestamp":"2026-04-03 16:42:42.464 +01:00","version":"1.0.0"}
{"level":"warn","message":"Redis connection closed","service":"revluma-backend","timestamp":"2026-04-03 16:42:42.499 +01:00","version":"1.0.0"}
{"level":"info","message":"Redis reconnecting...","service":"revluma-backend","timestamp":"2026-04-03 16:42:42.501 +01:00","version":"1.0.0"}
{"error":"getaddrinfo ENOTFOUND trusted-flamingo-81440.upstash.io","level":"error","message":"Redis connection error","service":"revluma-backend","timestamp":"2026-04-03 16:42:43.561 +01:00","version":"1.0.0"}
{"level":"warn","message":"Redis connection closed","service":"revluma-backend","timestamp":"2026-04-03 16:42:43.711 +01:00","version":"1.0.0"}
{"level":"info","message":"Redis reconnecting...","service":"revluma-backend","timestamp":"2026-04-03 16:42:43.714 +01:00","version":"1.0.0"}
{"error":"getaddrinfo ENOTFOUND trusted-flamingo-81440.upstash.io","level":"error","message":"Redis connection error","service":"revluma-backend","timestamp":"2026-04-03 16:42:44.725 +01:00","version":"1.0.0"}
{"level":"warn","message":"Redis connection closed","service":"revluma-backend","timestamp":"2026-04-03 16:42:44.830 +01:00","version":"1.0.0"}
{"level":"info","message":"Redis reconnecting...","service":"revluma-backend","timestamp":"2026-04-03 16:42:44.831 +01:00","version":"1.0.0"}
{"error":"getaddrinfo ENOTFOUND trusted-flamingo-81440.upstash.io","level":"error","message":"Redis connection error","service":"revluma-backend","timestamp":"2026-04-03 16:42:45.940 +01:00","version":"1.0.0"}
{"level":"warn","message":"Redis connection closed","service":"revluma-backend","timestamp":"2026-04-03 16:42:45.952 +01:00","version":"1.0.0"}
{"level":"info","message":"Redis reconnecting...","service":"revluma-backend","timestamp":"2026-04-03 16:42:45.953 +01:00","version":"1.0.0"}
{"error":"getaddrinfo ENOTFOUND trusted-flamingo-81440.upstash.io","level":"error","message":"Redis connection error","service":"revluma-backend","timestamp":"2026-04-03 16:42:47.808 +01:00","version":"1.0.0"}
{"level":"warn","message":"Redis connection closed","service":"revluma-backend","timestamp":"2026-04-03 16:42:48.521 +01:00","version":"1.0.0"}
{"level":"info","message":"Redis reconnecting...","service":"revluma-backend","timestamp":"2026-04-03 16:42:48.545 +01:00","version":"1.0.0"}
{"error":"getaddrinfo ENOTFOUND trusted-flamingo-81440.upstash.io","level":"error","message":"Redis connection error","service":"revluma-backend","timestamp":"2026-04-03 16:42:50.234 +01:00","version":"1.0.0"}
{"level":"warn","message":"Redis connection closed","service":"revluma-backend","timestamp":"2026-04-03 16:42:50.937 +01:00","version":"1.0.0"}
{"level":"info","message":"Redis reconnecting...","service":"revluma-backend","timestamp":"2026-04-03 16:42:50.941 +01:00","version":"1.0.0"}
{"error":"getaddrinfo ENOTFOUND trusted-flamingo-81440.upstash.io","level":"error","message":"Redis connection error","service":"revluma-backend","timestamp":"2026-04-03 16:42:52.359 +01:00","version":"1.0.0"}
{"level":"warn","message":"Redis connection closed","service":"revluma-backend","timestamp":"2026-04-03 16:42:52.377 +01:00","version":"1.0.0"}
{"level":"info","message":"Redis reconnecting...","service":"revluma-backend","timestamp":"2026-04-03 16:42:52.378 +01:00","version":"1.0.0"}
{"error":"getaddrinfo ENOTFOUND trusted-flamingo-81440.upstash.io","level":"error","message":"Redis connection error","service":"revluma-backend","timestamp":"2026-04-03 16:42:53.924 +01:00","version":"1.0.0"}
{"level":"warn","message":"Redis connection closed","service":"revluma-backend","timestamp":"2026-04-03 16:42:53.992 +01:00","version":"1.0.0"}
{"level":"info","message":"Redis reconnecting...","service":"revluma-backend","timestamp":"2026-04-03 16:42:53.993 +01:00","version":"1.0.0"}
{"error":"getaddrinfo ENOTFOUND trusted-flamingo-81440.upstash.io","level":"error","message":"Redis connection error","service":"revluma-backend","timestamp":"2026-04-03 16:42:55.601 +01:00","version":"1.0.0"}
{"level":"warn","message":"Redis connection closed","service":"revluma-backend","timestamp":"2026-04-03 16:42:55.618 +01:00","version":"1.0.0"}
{"level":"info","message":"Redis reconnecting...","service":"revluma-backend","timestamp":"2026-04-03 16:42:55.618 +01:00","version":"1.0.0"}
{"error":"getaddrinfo ENOTFOUND trusted-flamingo-81440.upstash.io","level":"error","message":"Redis connection error","service":"revluma-backend","timestamp":"2026-04-03 19:42:57.424 +01:00","version":"1.0.0"}
{"level":"warn","message":"Redis connection closed","service":"revluma-backend","timestamp":"2026-04-03 19:42:58.326 +01:00","version":"1.0.0"}
{"level":"info","message":"Redis reconnecting...","service":"revluma-backend","timestamp":"2026-04-03 19:42:58.340 +01:00","version":"1.0.0"}
{"error":"getaddrinfo ENOTFOUND trusted-flamingo-81440.upstash.io","level":"error","message":"Redis connection error","service":"revluma-backend","timestamp":"2026-04-03 19:43:00.372 +01:00","version":"1.0.0"}
{"level":"warn","message":"Redis connection closed","service":"revluma-backend","timestamp":"2026-04-03 19:43:01.013 +01:00","version":"1.0.0"}
{"level":"info","message":"Redis reconnecting...","service":"revluma-backend","timestamp":"2026-04-03 19:43:01.023 +01:00","version":"1.0.0"}
{"error":"getaddrinfo ENOTFOUND trusted-flamingo-81440.upstash.io","level":"error","message":"Redis connection error","service":"revluma-backend","timestamp":"2026-04-03 19:43:03.036 +01:00","version":"1.0.0"}
{"level":"warn","message":"Redis connection closed","service":"revluma-backend","timestamp":"2026-04-03 19:43:03.972 +01:00","version":"1.0.0"}
{"level":"info","message":"Redis reconnecting...","service":"revluma-backend","timestamp":"2026-04-03 19:43:03.977 +01:00","version":"1.0.0"}
{"error":"getaddrinfo ENOTFOUND trusted-flamingo-81440.upstash.io","level":"error","message":"Redis connection error","service":"revluma-backend","timestamp":"2026-04-03 20:17:06.998 +01:00","version":"1.0.0"}
{"level":"warn","message":"Redis connection closed","service":"revluma-backend","timestamp":"2026-04-03 20:17:07.026 +01:00","version":"1.0.0"}
{"level":"info","message":"Interrupted – shutting down Redis","service":"revluma-backend","timestamp":"2026-04-03 20:21:14.286 +01:00","version":"1.0.0"}
