{"error":"SASL: SCRAM-SERVER-FIRST-MESSAGE: client password must be a string","level":"error","message":"Startup failed","service":"splendor-ai-backend","stack":"Error: SASL: SCRAM-SERVER-FIRST-MESSAGE: client password must be a string\n    at C:\\Users\\USER\\Desktop\\Splendor AI\\Backend\\node_modules\\pg-pool\\index.js:45:11\n    at process.processTicksAndRejections (node:internal/process/task_queues:105:5)\n    at async Object.checkConnection (C:\\Users\\USER\\Desktop\\Splendor AI\\Backend\\src\\config\\db.js:36:18)\n    at async C:\\Users\\USER\\Desktop\\Splendor AI\\Backend\\server.js:102:23","timestamp":"2026-04-03 10:36:51.954 +01:00","version":"1.0.0"}
{"error":"password authentication failed for user \"postgres\"","level":"error","message":"Startup failed","service":"splendor-ai-backend","stack":"error: password authentication failed for user \"postgres\"\n    at C:\\Users\\USER\\Desktop\\Splendor AI\\Backend\\node_modules\\pg-pool\\index.js:45:11\n    at process.processTicksAndRejections (node:internal/process/task_queues:105:5)\n    at async Object.checkConnection (C:\\Users\\USER\\Desktop\\Splendor AI\\Backend\\src\\config\\db.js:43:18)\n    at async C:\\Users\\USER\\Desktop\\Splendor AI\\Backend\\server.js:102:23","timestamp":"2026-04-03 11:08:39.675 +01:00","version":"1.0.0"}
{"error":"","level":"error","message":"Redis connection error","service":"splendor-ai-backend","timestamp":"2026-04-03 14:09:52.032 +01:00","version":"1.0.0"}
{"error":"","level":"error","message":"Redis connection error","service":"splendor-ai-backend","timestamp":"2026-04-03 14:09:52.262 +01:00","version":"1.0.0"}
{"error":"","level":"error","message":"Redis connection error","service":"splendor-ai-backend","timestamp":"2026-04-03 14:09:52.543 +01:00","version":"1.0.0"}
{"error":"","level":"error","message":"Redis connection error","service":"splendor-ai-backend","timestamp":"2026-04-03 14:09:52.925 +01:00","version":"1.0.0"}
{"error":"","level":"error","message":"Redis connection error","service":"splendor-ai-backend","timestamp":"2026-04-03 14:09:53.371 +01:00","version":"1.0.0"}
{"error":"","level":"error","message":"Redis connection error","service":"splendor-ai-backend","timestamp":"2026-04-03 14:09:53.911 +01:00","version":"1.0.0"}
{"error":"","level":"error","message":"Redis connection error","service":"splendor-ai-backend","timestamp":"2026-04-03 14:09:54.529 +01:00","version":"1.0.0"}
{"error":"","level":"error","message":"Redis connection error","service":"splendor-ai-backend","timestamp":"2026-04-03 14:09:55.288 +01:00","version":"1.0.0"}
{"error":"","level":"error","message":"Redis connection error","service":"splendor-ai-backend","timestamp":"2026-04-03 14:09:56.147 +01:00","version":"1.0.0"}
{"error":"","level":"error","message":"Redis connection error","service":"splendor-ai-backend","timestamp":"2026-04-03 14:09:57.090 +01:00","version":"1.0.0"}
{"error":"","level":"error","message":"Redis connection error","service":"splendor-ai-backend","timestamp":"2026-04-03 14:09:58.124 +01:00","version":"1.0.0"}
{"error":"","level":"error","message":"Redis connection error","service":"splendor-ai-backend","timestamp":"2026-04-03 14:09:59.262 +01:00","version":"1.0.0"}
{"error":"","level":"error","message":"Redis connection error","service":"splendor-ai-backend","timestamp":"2026-04-03 14:10:00.493 +01:00","version":"1.0.0"}
{"error":"","level":"error","message":"Redis connection error","service":"splendor-ai-backend","timestamp":"2026-04-03 14:10:01.813 +01:00","version":"1.0.0"}
{"error":"","level":"error","message":"Redis connection error","service":"splendor-ai-backend","timestamp":"2026-04-03 14:10:03.249 +01:00","version":"1.0.0"}
{"error":"","level":"error","message":"Redis connection error","service":"splendor-ai-backend","timestamp":"2026-04-03 14:10:04.777 +01:00","version":"1.0.0"}
{"error":"","level":"error","message":"Redis connection error","service":"splendor-ai-backend","timestamp":"2026-04-03 14:10:06.412 +01:00","version":"1.0.0"}
{"error":"","level":"error","message":"Redis connection error","service":"splendor-ai-backend","timestamp":"2026-04-03 14:10:08.126 +01:00","version":"1.0.0"}
{"error":"","level":"error","message":"Redis connection error","service":"splendor-ai-backend","timestamp":"2026-04-03 14:10:09.952 +01:00","version":"1.0.0"}
{"error":"","level":"error","message":"Redis connection error","service":"splendor-ai-backend","timestamp":"2026-04-03 14:10:11.886 +01:00","version":"1.0.0"}
{"error":"","level":"error","message":"Redis connection error","service":"splendor-ai-backend","timestamp":"2026-04-03 14:10:13.914 +01:00","version":"1.0.0"}
{"error":"Redis is already connecting/connected","level":"error","message":"Redis health check FAILED","service":"splendor-ai-backend","timestamp":"2026-04-03 14:12:45.226 +01:00","version":"1.0.0"}
{"email":"test@example.com","error":"syntax error at or near \"$1\"","level":"error","message":"Subscribe failed","service":"splendor-ai-backend","stack":"error: syntax error at or near \"$1\"\n    at C:\\Users\\USER\\Desktop\\Splendor AI\\Backend\\node_modules\\pg\\lib\\client.js:631:17\n    at process.processTicksAndRejections (node:internal/process/task_queues:105:5)\n    at async withTenantContext (C:\\Users\\USER\\Desktop\\Splendor AI\\Backend\\src\\config\\db.js:63:5)\n    at async Object.subscribe (C:\\Users\\USER\\Desktop\\Splendor AI\\Backend\\src\\services\\newsletterService.js:196:22)\n    at async C:\\Users\\USER\\Desktop\\Splendor AI\\Backend\\src\\routes\\newsletter.js:131:20","timestamp":"2026-04-03 14:40:58.530 +01:00","version":"1.0.0"}
{"correlationId":"1050ea94","errorMessage":"ENOENT: no such file or directory, stat 'C:\\Users\\USER\\Desktop\\Splendor AI\\Backend\\public\\index.html'","errorStack":"Error: ENOENT: no such file or directory, stat 'C:\\Users\\USER\\Desktop\\Splendor AI\\Backend\\public\\index.html'","ip":"::1","level":"error","message":"Unhandled error in request","method":"GET","service":"splendor-ai-backend","tenantId":"anonymous","timestamp":"2026-04-03 14:42:05.270 +01:00","url":"/","userId":"anonymous","version":"1.0.0"}
{"correlationId":"dbd8cfbb","errorMessage":"ENOENT: no such file or directory, stat 'C:\\Users\\USER\\Desktop\\Splendor AI\\Backend\\public\\index.html'","errorStack":"Error: ENOENT: no such file or directory, stat 'C:\\Users\\USER\\Desktop\\Splendor AI\\Backend\\public\\index.html'","ip":"::1","level":"error","message":"Unhandled error in request","method":"GET","service":"splendor-ai-backend","tenantId":"anonymous","timestamp":"2026-04-03 14:42:48.568 +01:00","url":"/","userId":"anonymous","version":"1.0.0"}
{"correlationId":"feeaf74c","errorMessage":"ENOENT: no such file or directory, stat 'C:\\Users\\USER\\Desktop\\Splendor AI\\Backend\\public\\index.html'","errorStack":"Error: ENOENT: no such file or directory, stat 'C:\\Users\\USER\\Desktop\\Splendor AI\\Backend\\public\\index.html'","ip":"::1","level":"error","message":"Unhandled error in request","method":"GET","service":"splendor-ai-backend","tenantId":"anonymous","timestamp":"2026-04-03 14:43:08.815 +01:00","url":"/","userId":"anonymous","version":"1.0.0"}
{"correlationId":"4d3a3e37","errorMessage":"ENOENT: no such file or directory, stat 'C:\\Users\\USER\\Desktop\\Splendor AI\\Backend\\public\\index.html'","errorStack":"Error: ENOENT: no such file or directory, stat 'C:\\Users\\USER\\Desktop\\Splendor AI\\Backend\\public\\index.html'","ip":"::1","level":"error","message":"Unhandled error in request","method":"GET","service":"splendor-ai-backend","tenantId":"anonymous","timestamp":"2026-04-03 14:44:01.742 +01:00","url":"/","userId":"anonymous","version":"1.0.0"}
{"email":"test@example.com","error":"syntax error at or near \"$1\"","level":"error","message":"Subscribe failed","service":"splendor-ai-backend","stack":"error: syntax error at or near \"$1\"\n    at C:\\Users\\USER\\Desktop\\Splendor AI\\Backend\\node_modules\\pg\\lib\\client.js:631:17\n    at process.processTicksAndRejections (node:internal/process/task_queues:105:5)\n    at async withTenantContext (C:\\Users\\USER\\Desktop\\Splendor AI\\Backend\\src\\config\\db.js:63:5)\n    at async Object.subscribe (C:\\Users\\USER\\Desktop\\Splendor AI\\Backend\\src\\services\\newsletterService.js:196:22)\n    at async C:\\Users\\USER\\Desktop\\Splendor AI\\Backend\\src\\routes\\newsletter.js:131:20","timestamp":"2026-04-03 14:45:55.753 +01:00","version":"1.0.0"}
{"email":"test@revluma.com","error":"syntax error at or near \"$1\"","level":"error","message":"Registration failed","service":"splendor-ai-backend","timestamp":"2026-04-03 14:46:58.042 +01:00","version":"1.0.0"}
{"email":"test2@revluma.com","error":"syntax error at or near \"$1\"","level":"error","message":"Registration failed","service":"splendor-ai-backend","timestamp":"2026-04-03 14:47:22.270 +01:00","version":"1.0.0"}
{"email":"testuser@revluma.com","error":"syntax error at or near \"$1\"","level":"error","message":"Registration failed","service":"splendor-ai-backend","timestamp":"2026-04-03 14:50:12.887 +01:00","version":"1.0.0"}
{"email":"testuser2@revluma.com","error":"syntax error at or near \"$1\"","level":"error","message":"Registration failed","service":"splendor-ai-backend","timestamp":"2026-04-03 14:52:41.073 +01:00","version":"1.0.0"}
{"email":"testuser3@revluma.com","error":"syntax error at or near \"$1\"","level":"error","message":"Registration failed","service":"splendor-ai-backend","timestamp":"2026-04-03 14:56:49.105 +01:00","version":"1.0.0"}
{"email":"testuser4@revluma.com","error":"syntax error at or near \"$1\"","level":"error","message":"Registration failed","service":"splendor-ai-backend","timestamp":"2026-04-03 14:57:30.954 +01:00","version":"1.0.0"}
{"email":"testuser5@revluma.com","error":"syntax error at or near \"$1\"","level":"error","message":"Registration failed","service":"splendor-ai-backend","timestamp":"2026-04-03 14:57:42.691 +01:00","version":"1.0.0"}
{"email":"testuser6@revluma.com","error":"syntax error at or near \"$1\"","level":"error","message":"Registration failed","service":"splendor-ai-backend","timestamp":"2026-04-03 14:58:07.407 +01:00","version":"1.0.0"}
{"error":"read ECONNRESET","level":"error","message":"Redis connection error","service":"revluma-backend","timestamp":"2026-04-03 15:09:01.572 +01:00","version":"1.0.0"}
{"error":"FastMoss 404","level":"error","message":"FastMoss fetch failed","service":"revluma-backend","timestamp":"2026-04-03 16:00:03.824 +01:00","version":"1.0.0"}
{"error":"FastMoss 404","jobId":"ingest-fastmoss_tiktok-1775228400255","level":"error","message":"Ingest worker failed","service":"revluma-backend","sourceName":"fastmoss_tiktok","stack":"Error: FastMoss 404\n    at Object.fetch (C:\\Users\\USER\\Desktop\\Splendor AI\\Backend\\src\\pipeline\\ingestionPipeline.js:153:33)\n    at process.processTicksAndRejections (node:internal/process/task_queues:105:5)\n    at async Worker.connection [as processFn] (C:\\Users\\USER\\Desktop\\Splendor AI\\Backend\\src\\pipeline\\ingestionPipeline.js:197:22)\n    at async C:\\Users\\USER\\Desktop\\Splendor AI\\Backend\\node_modules\\bullmq\\dist\\cjs\\classes\\worker.js:569:32","timestamp":"2026-04-03 16:00:03.827 +01:00","version":"1.0.0"}
{"error":"FastMoss 404","level":"error","message":"FastMoss fetch failed","service":"revluma-backend","timestamp":"2026-04-03 16:00:09.584 +01:00","version":"1.0.0"}
{"error":"FastMoss 404","jobId":"ingest-fastmoss_tiktok-1775228400255","level":"error","message":"Ingest worker failed","service":"revluma-backend","sourceName":"fastmoss_tiktok","stack":"Error: FastMoss 404\n    at Object.fetch (C:\\Users\\USER\\Desktop\\Splendor AI\\Backend\\src\\pipeline\\ingestionPipeline.js:153:33)\n    at process.processTicksAndRejections (node:internal/process/task_queues:105:5)\n    at async Worker.connection [as processFn] (C:\\Users\\USER\\Desktop\\Splendor AI\\Backend\\src\\pipeline\\ingestionPipeline.js:197:22)\n    at async C:\\Users\\USER\\Desktop\\Splendor AI\\Backend\\node_modules\\bullmq\\dist\\cjs\\classes\\worker.js:569:32","timestamp":"2026-04-03 16:00:09.585 +01:00","version":"1.0.0"}
{"error":"FastMoss 404","level":"error","message":"FastMoss fetch failed","service":"revluma-backend","timestamp":"2026-04-03 16:00:15.962 +01:00","version":"1.0.0"}
{"error":"FastMoss 404","jobId":"ingest-fastmoss_tiktok-1775228400255","level":"error","message":"Ingest worker failed","service":"revluma-backend","sourceName":"fastmoss_tiktok","stack":"Error: FastMoss 404\n    at Object.fetch (C:\\Users\\USER\\Desktop\\Splendor AI\\Backend\\src\\pipeline\\ingestionPipeline.js:153:33)\n    at process.processTicksAndRejections (node:internal/process/task_queues:105:5)\n    at async Worker.connection [as processFn] (C:\\Users\\USER\\Desktop\\Splendor AI\\Backend\\src\\pipeline\\ingestionPipeline.js:197:22)\n    at async C:\\Users\\USER\\Desktop\\Splendor AI\\Backend\\node_modules\\bullmq\\dist\\cjs\\classes\\worker.js:569:32","timestamp":"2026-04-03 16:00:15.963 +01:00","version":"1.0.0"}
{"error":"read ECONNRESET","level":"error","message":"Redis connection error","service":"revluma-backend","timestamp":"2026-04-03 16:42:30.808 +01:00","version":"1.0.0"}
{"error":"getaddrinfo ENOTFOUND trusted-flamingo-81440.upstash.io","level":"error","message":"Redis connection error","service":"revluma-backend","timestamp":"2026-04-03 16:42:33.027 +01:00","version":"1.0.0"}
{"error":"getaddrinfo ENOTFOUND trusted-flamingo-81440.upstash.io","level":"error","message":"Redis connection error","service":"revluma-backend","timestamp":"2026-04-03 16:42:36.934 +01:00","version":"1.0.0"}
{"error":"getaddrinfo ENOTFOUND trusted-flamingo-81440.upstash.io","level":"error","message":"Redis connection error","service":"revluma-backend","timestamp":"2026-04-03 16:42:37.570 +01:00","version":"1.0.0"}
{"error":"getaddrinfo ENOTFOUND trusted-flamingo-81440.upstash.io","level":"error","message":"Redis connection error","service":"revluma-backend","timestamp":"2026-04-03 16:42:38.023 +01:00","version":"1.0.0"}
{"error":"getaddrinfo ENOTFOUND trusted-flamingo-81440.upstash.io","level":"error","message":"Redis connection error","service":"revluma-backend","timestamp":"2026-04-03 16:42:39.005 +01:00","version":"1.0.0"}
{"error":"getaddrinfo ENOTFOUND trusted-flamingo-81440.upstash.io","level":"error","message":"Redis connection error","service":"revluma-backend","timestamp":"2026-04-03 16:42:40.530 +01:00","version":"1.0.0"}
{"error":"getaddrinfo ENOTFOUND trusted-flamingo-81440.upstash.io","level":"error","message":"Redis connection error","service":"revluma-backend","timestamp":"2026-04-03 16:42:41.327 +01:00","version":"1.0.0"}
{"error":"getaddrinfo ENOTFOUND trusted-flamingo-81440.upstash.io","level":"error","message":"Redis connection error","service":"revluma-backend","timestamp":"2026-04-03 16:42:42.464 +01:00","version":"1.0.0"}
{"error":"getaddrinfo ENOTFOUND trusted-flamingo-81440.upstash.io","level":"error","message":"Redis connection error","service":"revluma-backend","timestamp":"2026-04-03 16:42:43.561 +01:00","version":"1.0.0"}
{"error":"getaddrinfo ENOTFOUND trusted-flamingo-81440.upstash.io","level":"error","message":"Redis connection error","service":"revluma-backend","timestamp":"2026-04-03 16:42:44.725 +01:00","version":"1.0.0"}
{"error":"getaddrinfo ENOTFOUND trusted-flamingo-81440.upstash.io","level":"error","message":"Redis connection error","service":"revluma-backend","timestamp":"2026-04-03 16:42:45.940 +01:00","version":"1.0.0"}
{"error":"getaddrinfo ENOTFOUND trusted-flamingo-81440.upstash.io","level":"error","message":"Redis connection error","service":"revluma-backend","timestamp":"2026-04-03 16:42:47.808 +01:00","version":"1.0.0"}
{"error":"getaddrinfo ENOTFOUND trusted-flamingo-81440.upstash.io","level":"error","message":"Redis connection error","service":"revluma-backend","timestamp":"2026-04-03 16:42:50.234 +01:00","version":"1.0.0"}
{"error":"getaddrinfo ENOTFOUND trusted-flamingo-81440.upstash.io","level":"error","message":"Redis connection error","service":"revluma-backend","timestamp":"2026-04-03 16:42:52.359 +01:00","version":"1.0.0"}
{"error":"getaddrinfo ENOTFOUND trusted-flamingo-81440.upstash.io","level":"error","message":"Redis connection error","service":"revluma-backend","timestamp":"2026-04-03 16:42:53.924 +01:00","version":"1.0.0"}
{"error":"getaddrinfo ENOTFOUND trusted-flamingo-81440.upstash.io","level":"error","message":"Redis connection error","service":"revluma-backend","timestamp":"2026-04-03 16:42:55.601 +01:00","version":"1.0.0"}
{"error":"getaddrinfo ENOTFOUND trusted-flamingo-81440.upstash.io","level":"error","message":"Redis connection error","service":"revluma-backend","timestamp":"2026-04-03 19:42:57.424 +01:00","version":"1.0.0"}
{"error":"getaddrinfo ENOTFOUND trusted-flamingo-81440.upstash.io","level":"error","message":"Redis connection error","service":"revluma-backend","timestamp":"2026-04-03 19:43:00.372 +01:00","version":"1.0.0"}
{"error":"getaddrinfo ENOTFOUND trusted-flamingo-81440.upstash.io","level":"error","message":"Redis connection error","service":"revluma-backend","timestamp":"2026-04-03 19:43:03.036 +01:00","version":"1.0.0"}
{"error":"getaddrinfo ENOTFOUND trusted-flamingo-81440.upstash.io","level":"error","message":"Redis connection error","service":"revluma-backend","timestamp":"2026-04-03 20:17:06.998 +01:00","version":"1.0.0"}
